This is pdfTeX, Version 3.14159265-2.6-1.40.16 (MiKTeX 2.9) (preloaded format=pdflatex 2015.9.1)  7 OCT 2016 14:07
entering extended mode
**FullUSM_ACM.tex
(FullUSM_ACM.tex
LaTeX2e <2015/01/01> patch level 2
Babel <3.9m> and hyphenation patterns for 69 languages loaded.
(sig-alternate-05-2015.cls
(C:\Users\VP242103\Downloads\tex\latex\graphics\epsfig.sty
Package: epsfig 1999/02/16 v1.7a (e)psfig emulation (SPQR)

(C:\Users\VP242103\Downloads\tex\latex\graphics\graphicx.sty
Package: graphicx 2014/10/28 v1.0g Enhanced LaTeX Graphics (DPC,SPQR)

(C:\Users\VP242103\Downloads\tex\latex\graphics\keyval.sty
Package: keyval 2014/10/28 v1.15 key=value parser (DPC)
\KV@toks@=\toks14
)
(C:\Users\VP242103\Downloads\tex\latex\graphics\graphics.sty
Package: graphics 2014/10/28 v1.0p Standard LaTeX Graphics (DPC,SPQR)

(C:\Users\VP242103\Downloads\tex\latex\graphics\trig.sty
Package: trig 1999/03/16 v1.09 sin cos tan (DPC)
)
(C:\Users\VP242103\Downloads\tex\latex\00miktex\graphics.cfg
File: graphics.cfg 2007/01/18 v1.5 graphics configuration of teTeX/TeXLive
)
Package graphics Info: Driver file: pdftex.def on input line 94.

(C:\Users\VP242103\Downloads\tex\latex\pdftex-def\pdftex.def
File: pdftex.def 2011/05/27 v0.06d Graphics/color for pdfTeX

(C:\Users\VP242103\Downloads\tex\generic\oberdiek\infwarerr.sty
Package: infwarerr 2010/04/08 v1.3 Providing info/warning/error messages (HO)
)
(C:\Users\VP242103\Downloads\tex\generic\oberdiek\ltxcmds.sty
Package: ltxcmds 2011/11/09 v1.22 LaTeX kernel commands for general use (HO)
)
\Gread@gobject=\count79
))
\Gin@req@height=\dimen102
\Gin@req@width=\dimen103
)
\epsfxsize=\dimen104
\epsfysize=\dimen105
)
(C:\Users\VP242103\Downloads\tex\latex\amsfonts\amssymb.sty
Package: amssymb 2013/01/14 v3.01 AMS font symbols

(C:\Users\VP242103\Downloads\tex\latex\amsfonts\amsfonts.sty
Package: amsfonts 2013/01/14 v3.01 Basic AMSFonts support
\@emptytoks=\toks15
\symAMSa=\mathgroup4
\symAMSb=\mathgroup5
LaTeX Font Info:    Overwriting math alphabet `\mathfrak' in version `bold'
(Font)                  U/euf/m/n --> U/euf/b/n on input line 106.
))
(C:\Users\VP242103\Downloads\tex\latex\amsmath\amsmath.sty
Package: amsmath 2013/01/14 v2.14 AMS math features
\@mathmargin=\skip41

For additional information on amsmath, use the `?' option.
(C:\Users\VP242103\Downloads\tex\latex\amsmath\amstext.sty
Package: amstext 2000/06/29 v2.01

(C:\Users\VP242103\Downloads\tex\latex\amsmath\amsgen.sty
File: amsgen.sty 1999/11/30 v2.0
\@emptytoks=\toks16
\ex@=\dimen106
))
(C:\Users\VP242103\Downloads\tex\latex\amsmath\amsbsy.sty
Package: amsbsy 1999/11/29 v1.2d
\pmbraise@=\dimen107
)
(C:\Users\VP242103\Downloads\tex\latex\amsmath\amsopn.sty
Package: amsopn 1999/12/14 v2.01 operator names
)
\inf@bad=\count80
LaTeX Info: Redefining \frac on input line 210.
\uproot@=\count81
\leftroot@=\count82
LaTeX Info: Redefining \overline on input line 306.
\classnum@=\count83
\DOTSCASE@=\count84
LaTeX Info: Redefining \ldots on input line 378.
LaTeX Info: Redefining \dots on input line 381.
LaTeX Info: Redefining \cdots on input line 466.
\Mathstrutbox@=\box26
\strutbox@=\box27
\big@size=\dimen108
LaTeX Font Info:    Redeclaring font encoding OML on input line 566.
LaTeX Font Info:    Redeclaring font encoding OMS on input line 567.
\macc@depth=\count85
\c@MaxMatrixCols=\count86
\dotsspace@=\muskip10
\c@parentequation=\count87
\dspbrk@lvl=\count88
\tag@help=\toks17
\row@=\count89
\column@=\count90
\maxfields@=\count91
\andhelp@=\toks18
\eqnshift@=\dimen109
\alignsep@=\dimen110
\tagshift@=\dimen111
\tagwidth@=\dimen112
\totwidth@=\dimen113
\lineht@=\dimen114
\@envbody=\toks19
\multlinegap=\skip42
\multlinetaggap=\skip43
\mathdisplay@stack=\toks20
LaTeX Info: Redefining \[ on input line 2665.
LaTeX Info: Redefining \] on input line 2666.
)
Document Class 'sig-alternate' <9th June '13>. Modified by G.K.M. Tobin/Gerry M
urray/Boris Veytsman
Based in part upon document Style `acmconf' <22 May 89>. Hacked 4/91 by
shivers@cs.cmu.edu, 4/93 by theobald@cs.mcgill.ca
Excerpts were taken from (Journal Style) 'esub2acm.cls'.
****** Bugs/comments/suggestions/technicalities to Gerry Murray -- murray@hq.ac
m.org ******
Questions on the style, SIGS policies, etc. to Adrienne Griscti griscti@acm.org

\ACM@basesize=\count92
(C:\Users\VP242103\Downloads\tex\latex\comment\comment.sty
\CommentStream=\write3

Excluding comment 'comment') Excluding comment 'CCSXML'
\footheight=\dimen115
\@maxsep=\dimen116
\@dblmaxsep=\dimen117

(C:\Users\VP242103\Downloads\tex\generic\oberdiek\ifpdf.sty
Package: ifpdf 2011/01/30 v2.3 Provides the ifpdf switch (HO)
Package ifpdf Info: pdfTeX in PDF mode is detected.
)
\aucount=\count93
\originalaucount=\count94
\auwidth=\dimen118
\auskip=\dimen119
\auskipcount=\count95
\auskip=\dimen120
\allauboxes=\dimen121
\addauthors=\toks21
\addauflag=\count96
\subtitletext=\toks22
\savesection=\count97
\sectioncntr=\count98
\c@figure=\count99
\c@table=\count100
\titleboxnotes=\toks23
\titleboxnoteflag=\count101


LaTeX Warning: You have requested document class `sig-alternate-05-2015',
               but the document class provides `sig-alternate'.

Document Class: sig-alternate 2013/05/12 v2.7 based on acmproc.cls V1.3 <Nov. 3
0 '99>
(C:\Users\VP242103\Downloads\tex\latex\base\latexsym.sty
Package: latexsym 1998/08/17 v2.2e Standard LaTeX package (lasy symbols)
\symlasy=\mathgroup6
LaTeX Font Info:    Overwriting symbol font `lasy' in version `bold'
(Font)                  U/lasy/m/n --> U/lasy/b/n on input line 52.
)
\@acmtitlebox=\box28
\titlenotecount=\count102
\tntoks=\toks24
\tntokstwo=\toks25
\tntoksthree=\toks26
\tntoksfour=\toks27
\tntoksfive=\toks28
\catcount=\count103
\copyrightnotice=\toks29
\conf=\toks30
\confinfo=\toks31
\c@part=\count104
\c@section=\count105
\c@subsection=\count106
\c@subsubsection=\count107
\c@paragraph=\count108

Using 'Abbrev' bibliography style
LaTeX Info: Redefining \cite on input line 1408.
\bibindent=\dimen122
\colcntr=\count109
\saveb@x=\box29
\copyrtyr=\toks32
\acmcopyr=\toks33
\boilerplate=\toks34
(C:\Users\VP242103\Downloads\tex\latex\url\url.sty
\Urlmuskip=\muskip11
Package: url 2013/09/16  ver 3.4  Verb mode for urls, etc.
) (acmcopyright.sty
Package: acmcopyright 2014/06/29 v1.2 Copyright statemens for ACM classes

(C:\Users\VP242103\Downloads\tex\latex\xkeyval\xkeyval.sty
Package: xkeyval 2014/12/03 v2.7a package option processing (HA)

(C:\Users\VP242103\Downloads\tex\generic\xkeyval\xkeyval.tex
(C:\Users\VP242103\Downloads\tex\generic\xkeyval\xkvutils.tex
\XKV@toks=\toks35
\XKV@tempa@toks=\toks36
)
\XKV@depth=\count110
File: xkeyval.tex 2014/12/03 v2.7a key=value parser (HA)
)))
\copyrightetc=\toks37

(C:\Users\VP242103\Downloads\tex\latex\base\fontenc.sty
Package: fontenc 2005/09/27 v1.99g Standard LaTeX package

(C:\Users\VP242103\Downloads\tex\latex\base\t1enc.def
File: t1enc.def 2005/09/27 v1.99g Standard LaTeX file
LaTeX Font Info:    Redeclaring font encoding T1 on input line 48.
)
LaTeX Font Info:    Try loading font information for T1+aer on input line 105.

(C:\Users\VP242103\Downloads\tex\latex\ae\t1aer.fd
File: t1aer.fd 1997/11/16 Font definitions for T1/aer.
)))
(C:\Users\VP242103\Downloads\tex\latex\graphics\color.sty
Package: color 2014/10/28 v1.1a Standard LaTeX Color (DPC)

(C:\Users\VP242103\Downloads\tex\latex\00miktex\color.cfg
File: color.cfg 2007/01/18 v1.5 color configuration of teTeX/TeXLive
)
Package color Info: Driver file: pdftex.def on input line 142.
)
(C:\Users\VP242103\Downloads\tex\latex\xcolor\xcolor.sty
Package: xcolor 2007/01/21 v2.11 LaTeX color extensions (UK)

(C:\Users\VP242103\Downloads\tex\latex\00miktex\color.cfg
File: color.cfg 2007/01/18 v1.5 color configuration of teTeX/TeXLive
)
Package xcolor Info: Driver file: pdftex.def on input line 225.
LaTeX Info: Redefining \color on input line 702.
Package xcolor Info: Model `cmy' substituted by `cmy0' on input line 1337.
Package xcolor Info: Model `hsb' substituted by `rgb' on input line 1341.
Package xcolor Info: Model `RGB' extended on input line 1353.
Package xcolor Info: Model `HTML' substituted by `rgb' on input line 1355.
Package xcolor Info: Model `Hsb' substituted by `hsb' on input line 1356.
Package xcolor Info: Model `tHsb' substituted by `hsb' on input line 1357.
Package xcolor Info: Model `HSB' substituted by `hsb' on input line 1358.
Package xcolor Info: Model `Gray' substituted by `gray' on input line 1359.
Package xcolor Info: Model `wave' substituted by `hsb' on input line 1360.
)
(C:\Users\VP242103\Downloads\tex\latex\colortbl\colortbl.sty
Package: colortbl 2012/02/13 v1.0a Color table columns (DPC)

(C:\Users\VP242103\Downloads\tex\latex\tools\array.sty
Package: array 2014/10/28 v2.4c Tabular extension package (FMi)
\col@sep=\dimen123
\extrarowheight=\dimen124
\NC@list=\toks38
\extratabsurround=\skip44
\backup@length=\skip45
)
\everycr=\toks39
\minrowclearance=\skip46
)
(C:\Users\VP242103\Downloads\tex\latex\listings\listings.sty
\lst@mode=\count111
\lst@gtempboxa=\box30
\lst@token=\toks40
\lst@length=\count112
\lst@currlwidth=\dimen125
\lst@column=\count113
\lst@pos=\count114
\lst@lostspace=\dimen126
\lst@width=\dimen127
\lst@newlines=\count115
\lst@lineno=\count116
\abovecaptionskip=\skip47
\belowcaptionskip=\skip48
\lst@maxwidth=\dimen128

(C:\Users\VP242103\Downloads\tex\latex\listings\lstmisc.sty
File: lstmisc.sty 2015/06/04 1.6 (Carsten Heinz)
\c@lstnumber=\count117
\lst@skipnumbers=\count118
\lst@framebox=\box31
)
(C:\Users\VP242103\Downloads\tex\latex\listings\listings.cfg
File: listings.cfg 2015/06/04 1.6 listings configuration
))
Package: listings 2015/06/04 1.6 (Carsten Heinz)

(C:\Users\VP242103\Downloads\tex\latex\multirow\multirow.sty
\bigstrutjot=\dimen129
)
(C:\Users\VP242103\Downloads\tex\latex\mdframed\mdframed.sty
Package: mdframed 2013/07/01 1.9b: mdframed

(C:\Users\VP242103\Downloads\tex\latex\oberdiek\kvoptions.sty
Package: kvoptions 2011/06/30 v3.11 Key value format for package options (HO)

(C:\Users\VP242103\Downloads\tex\generic\oberdiek\kvsetkeys.sty
Package: kvsetkeys 2012/04/25 v1.16 Key value parser (HO)

(C:\Users\VP242103\Downloads\tex\generic\oberdiek\etexcmds.sty
Package: etexcmds 2011/02/16 v1.5 Avoid name clashes with e-TeX commands (HO)

(C:\Users\VP242103\Downloads\tex\generic\oberdiek\ifluatex.sty
Package: ifluatex 2010/03/01 v1.3 Provides the ifluatex switch (HO)
Package ifluatex Info: LuaTeX not detected.
)
Package etexcmds Info: Could not find \expanded.
(etexcmds)             That can mean that you are not using pdfTeX 1.50 or
(etexcmds)             that some package has redefined \expanded.
(etexcmds)             In the latter case, load this package earlier.
)))
(C:\Users\VP242103\Downloads\tex\latex\l3packages\xparse\xparse.sty
(C:\Users\VP242103\Downloads\tex\latex\l3kernel\expl3.sty
Package: expl3 2016/01/19 v6377 L3 programming layer (loader) 

(C:\Users\VP242103\Downloads\tex\latex\l3kernel\expl3-code.tex
Package: expl3 2016/01/19 v6377 L3 programming layer (code)
L3 Module: l3bootstrap 2016/01/01 v6339 L3 Bootstrap code
L3 Module: l3names 2015/12/21 v6328 L3 Namespace for primitives
L3 Module: l3basics 2015/11/22 v6315 L3 Basic definitions
L3 Module: l3expan 2015/09/10 v5983 L3 Argument expansion
L3 Module: l3tl 2015/09/29 v6121 L3 Token lists
L3 Module: l3str 2016/01/03 v6357 L3 Strings
L3 Module: l3seq 2015/08/05 v5777 L3 Sequences and stacks
L3 Module: l3int 2016/01/05 v6366 L3 Integers
\c_max_int=\count119
\l_tmpa_int=\count120
\l_tmpb_int=\count121
\g_tmpa_int=\count122
\g_tmpb_int=\count123
L3 Module: l3quark 2015/08/17 v5855 L3 Quarks
L3 Module: l3prg 2015/11/01 v6216 L3 Control structures
\g__prg_map_int=\count124
L3 Module: l3clist 2015/09/02 v5901 L3 Comma separated lists
L3 Module: l3token 2015/11/11 v6249 L3 Experimental token manipulation
L3 Module: l3prop 2016/01/05 v6366 L3 Property lists
L3 Module: l3msg 2015/09/28 v6113 L3 Messages
L3 Module: l3file 2015/12/03 v6317 L3 File and I/O operations
\l_iow_line_count_int=\count125
\l__iow_target_count_int=\count126
\l__iow_current_line_int=\count127
\l__iow_current_word_int=\count128
\l__iow_current_indentation_int=\count129
L3 Module: l3skip 2016/01/05 v6366 L3 Dimensions and skips
\c_zero_dim=\dimen130
\c_max_dim=\dimen131
\l_tmpa_dim=\dimen132
\l_tmpb_dim=\dimen133
\g_tmpa_dim=\dimen134
\g_tmpb_dim=\dimen135
\c_zero_skip=\skip49
\c_max_skip=\skip50
\l_tmpa_skip=\skip51
\l_tmpb_skip=\skip52
\g_tmpa_skip=\skip53
\g_tmpb_skip=\skip54
\c_zero_muskip=\muskip12
\c_max_muskip=\muskip13
\l_tmpa_muskip=\muskip14
\l_tmpb_muskip=\muskip15
\g_tmpa_muskip=\muskip16
\g_tmpb_muskip=\muskip17
L3 Module: l3keys 2015/11/17 v6284 L3 Key-value interfaces
\g__keyval_level_int=\count130
\l_keys_choice_int=\count131
L3 Module: l3fp 2015/08/25 v5890 L3 Floating points
\c__fp_leading_shift_int=\count132
\c__fp_middle_shift_int=\count133
\c__fp_trailing_shift_int=\count134
\c__fp_big_leading_shift_int=\count135
\c__fp_big_middle_shift_int=\count136
\c__fp_big_trailing_shift_int=\count137
\c__fp_Bigg_leading_shift_int=\count138
\c__fp_Bigg_middle_shift_int=\count139
\c__fp_Bigg_trailing_shift_int=\count140
L3 Module: l3box 2015/08/09 v5822 L3 Experimental boxes
\c_empty_box=\box32
\l_tmpa_box=\box33
\l_tmpb_box=\box34
\g_tmpa_box=\box35
\g_tmpb_box=\box36
L3 Module: l3coffins 2015/08/06 v5789 L3 Coffin code layer
\l__coffin_internal_box=\box37
\l__coffin_internal_dim=\dimen136
\l__coffin_offset_x_dim=\dimen137
\l__coffin_offset_y_dim=\dimen138
\l__coffin_x_dim=\dimen139
\l__coffin_y_dim=\dimen140
\l__coffin_x_prime_dim=\dimen141
\l__coffin_y_prime_dim=\dimen142
\c_empty_coffin=\box38
\l__coffin_aligned_coffin=\box39
\l__coffin_aligned_internal_coffin=\box40
\l_tmpa_coffin=\box41
\l_tmpb_coffin=\box42
\l__coffin_display_coffin=\box43
\l__coffin_display_coord_coffin=\box44
\l__coffin_display_pole_coffin=\box45
\l__coffin_display_offset_dim=\dimen143
\l__coffin_display_x_dim=\dimen144
\l__coffin_display_y_dim=\dimen145
L3 Module: l3color 2014/08/23 v5354 L3 Experimental color support
L3 Module: l3sys 2015/09/25 v6087 L3 Experimental system/runtime functions
L3 Module: l3candidates 2016/01/14 v6376 L3 Experimental additions to l3kernel
\l__box_top_dim=\dimen146
\l__box_bottom_dim=\dimen147
\l__box_left_dim=\dimen148
\l__box_right_dim=\dimen149
\l__box_top_new_dim=\dimen150
\l__box_bottom_new_dim=\dimen151
\l__box_left_new_dim=\dimen152
\l__box_right_new_dim=\dimen153
\l__box_internal_box=\box46
\l__coffin_bounding_shift_dim=\dimen154
\l__coffin_left_corner_dim=\dimen155
\l__coffin_right_corner_dim=\dimen156
\l__coffin_bottom_corner_dim=\dimen157
\l__coffin_top_corner_dim=\dimen158
\l__coffin_scaled_total_height_dim=\dimen159
\l__coffin_scaled_width_dim=\dimen160
L3 Module: l3luatex 2015/11/11 v6250 L3 Experimental LuaTeX-specific functions
)
(C:\Users\VP242103\Downloads\tex\latex\l3kernel\l3pdfmode.def
File: l3pdfmode.def 2015/11/11 v6250 L3 Experimental driver: PDF mode
\l__driver_color_stack_int=\count141
))
Package: xparse 2016/01/19 v6377 L3 Experimental document command parser
\l__xparse_current_arg_int=\count142
\l__xparse_m_args_int=\count143
\l__xparse_mandatory_args_int=\count144
\l__xparse_processor_int=\count145
\l__xparse_v_nesting_int=\count146
)
(C:\Users\VP242103\Downloads\tex\latex\etoolbox\etoolbox.sty
Package: etoolbox 2015/08/02 v2.2a e-TeX tools for LaTeX (JAW)
\etb@tempcnta=\count147
)
(C:\Users\VP242103\Downloads\tex\latex\oberdiek\zref-abspage.sty
Package: zref-abspage 2012/04/04 v2.24 Module abspage for zref (HO)

(C:\Users\VP242103\Downloads\tex\latex\oberdiek\zref-base.sty
Package: zref-base 2012/04/04 v2.24 Module base for zref (HO)

(C:\Users\VP242103\Downloads\tex\generic\oberdiek\kvdefinekeys.sty
Package: kvdefinekeys 2011/04/07 v1.3 Define keys (HO)
)
(C:\Users\VP242103\Downloads\tex\generic\oberdiek\pdftexcmds.sty
Package: pdftexcmds 2011/11/29 v0.20 Utility functions of pdfTeX for LuaTeX (HO
)
Package pdftexcmds Info: LuaTeX not detected.
Package pdftexcmds Info: \pdf@primitive is available.
Package pdftexcmds Info: \pdf@ifprimitive is available.
Package pdftexcmds Info: \pdfdraftmode found.
)
(C:\Users\VP242103\Downloads\tex\latex\oberdiek\auxhook.sty
Package: auxhook 2011/03/04 v1.3 Hooks for auxiliary files (HO)
)
Package zref Info: New property list: main on input line 759.
Package zref Info: New property: default on input line 760.
Package zref Info: New property: page on input line 761.
)
(C:\Users\VP242103\Downloads\tex\generic\oberdiek\atbegshi.sty
Package: atbegshi 2011/10/05 v1.16 At begin shipout hook (HO)
)
\c@abspage=\count148
Package zref Info: New property: abspage on input line 62.
)
(C:\Users\VP242103\Downloads\tex\latex\needspace\needspace.sty
Package: needspace 2010/09/12 v1.3d reserve vertical space
)
\mdf@templength=\skip55
\c@mdf@globalstyle@cnt=\count149
\mdf@skipabove@length=\skip56
\mdf@skipbelow@length=\skip57
\mdf@leftmargin@length=\skip58
\mdf@rightmargin@length=\skip59
\mdf@innerleftmargin@length=\skip60
\mdf@innerrightmargin@length=\skip61
\mdf@innertopmargin@length=\skip62
\mdf@innerbottommargin@length=\skip63
\mdf@splittopskip@length=\skip64
\mdf@splitbottomskip@length=\skip65
\mdf@outermargin@length=\skip66
\mdf@innermargin@length=\skip67
\mdf@linewidth@length=\skip68
\mdf@innerlinewidth@length=\skip69
\mdf@middlelinewidth@length=\skip70
\mdf@outerlinewidth@length=\skip71
\mdf@roundcorner@length=\skip72
\mdf@footenotedistance@length=\skip73
\mdf@userdefinedwidth@length=\skip74
\mdf@needspace@length=\skip75
\mdf@frametitleaboveskip@length=\skip76
\mdf@frametitlebelowskip@length=\skip77
\mdf@frametitlerulewidth@length=\skip78
\mdf@frametitleleftmargin@length=\skip79
\mdf@frametitlerightmargin@length=\skip80
\mdf@shadowsize@length=\skip81
\mdf@extratopheight@length=\skip82
\mdf@subtitleabovelinewidth@length=\skip83
\mdf@subtitlebelowlinewidth@length=\skip84
\mdf@subtitleaboveskip@length=\skip85
\mdf@subtitlebelowskip@length=\skip86
\mdf@subtitleinneraboveskip@length=\skip87
\mdf@subtitleinnerbelowskip@length=\skip88
\mdf@subsubtitleabovelinewidth@length=\skip89
\mdf@subsubtitlebelowlinewidth@length=\skip90
\mdf@subsubtitleaboveskip@length=\skip91
\mdf@subsubtitlebelowskip@length=\skip92
\mdf@subsubtitleinneraboveskip@length=\skip93
\mdf@subsubtitleinnerbelowskip@length=\skip94

(C:\Users\VP242103\Downloads\tex\latex\mdframed\md-frame-0.mdf
File: md-frame-0.mdf 2013/07/01\ 1.9b: md-frame-0
)
\mdf@frametitlebox=\box47
\mdf@footnotebox=\box48
\mdf@splitbox@one=\box49
\mdf@splitbox@two=\box50
\mdf@splitbox@save=\box51
\mdfsplitboxwidth=\skip95
\mdfsplitboxtotalwidth=\skip96
\mdfsplitboxheight=\skip97
\mdfsplitboxdepth=\skip98
\mdfsplitboxtotalheight=\skip99
\mdfframetitleboxwidth=\skip100
\mdfframetitleboxtotalwidth=\skip101
\mdfframetitleboxheight=\skip102
\mdfframetitleboxdepth=\skip103
\mdfframetitleboxtotalheight=\skip104
\mdffootnoteboxwidth=\skip105
\mdffootnoteboxtotalwidth=\skip106
\mdffootnoteboxheight=\skip107
\mdffootnoteboxdepth=\skip108
\mdffootnoteboxtotalheight=\skip109
\mdftotallinewidth=\skip110
\mdfboundingboxwidth=\skip111
\mdfboundingboxtotalwidth=\skip112
\mdfboundingboxheight=\skip113
\mdfboundingboxdepth=\skip114
\mdfboundingboxtotalheight=\skip115
\mdf@freevspace@length=\skip116
\mdf@horizontalwidthofbox@length=\skip117
\mdf@verticalmarginwhole@length=\skip118
\mdf@horizontalspaceofbox=\skip119
\mdfsubtitleheight=\skip120
\mdfsubsubtitleheight=\skip121
\c@mdfcountframes=\count150

****** mdframed patching \endmdf@trivlist

****** -- success******

.................................................
. LaTeX info: "xparse/define-command"
. 
. Defining command \newmdtheoremenv with sig. 'O{} m o m o ' on line 601.
.................................................
.................................................
. LaTeX info: "xparse/define-command"
. 
. Defining command \mdtheorem with sig. ' O{} m o m o ' on line 701.
.................................................
\mdf@envdepth=\count151
\c@mdf@env@i=\count152
\c@mdf@env@ii=\count153
\c@mdf@zref@counter=\count154
Package zref Info: New property: mdf@pagevalue on input line 895.
)
(C:\Users\VP242103\Downloads\tex\latex\algorithms\algorithm.sty
Package: algorithm 2009/08/24 v0.1 Document Style `algorithm' - floating enviro
nment

(C:\Users\VP242103\Downloads\tex\latex\float\float.sty
Package: float 2001/11/08 v1.3d Float enhancements (AL)
\c@float@type=\count155
\float@exts=\toks41
\float@box=\box52
\@float@everytoks=\toks42
\@floatcapt=\box53
)
(C:\Users\VP242103\Downloads\tex\latex\base\ifthen.sty
Package: ifthen 2014/09/29 v1.1c Standard LaTeX ifthen package (DPC)
)
\@float@every@algorithm=\toks43
\c@algorithm=\count156
)
(C:\Users\VP242103\Downloads\tex\latex\algorithmicx\algpseudocode.sty
Package: algpseudocode 

(C:\Users\VP242103\Downloads\tex\latex\algorithmicx\algorithmicx.sty
Package: algorithmicx 2005/04/27 v1.2 Algorithmicx

Document Style algorithmicx 1.2 - a greatly improved `algorithmic' style
\c@ALG@line=\count157
\c@ALG@rem=\count158
\c@ALG@nested=\count159
\ALG@tlm=\skip122
\ALG@thistlm=\skip123
\c@ALG@Lnr=\count160
\c@ALG@blocknr=\count161
\c@ALG@storecount=\count162
\c@ALG@tmpcounter=\count163
\ALG@tmplength=\skip124
)
Document Style - pseudocode environments for use with the `algorithmicx' style
) (C:\Users\VP242103\Downloads\tex\latex\natbib\natbib.sty
Package: natbib 2010/09/13 8.31b (PWD, AO)
\bibhang=\skip125
\bibsep=\skip126
LaTeX Info: Redefining \cite on input line 694.
LaTeX Info: Redefining \citeyear on input line 735.
\c@NAT@ctr=\count164
)
(C:\Users\VP242103\Downloads\tex\latex\sttools\flushend.sty
Package: flushend 2015/04/14 v3.1 Balancing columns in twocolumn mode
\flushend@@lastskip@a=\skip127
\flushend@@lastskip@b=\skip128
\flushend@@lastskip@c=\skip129
\flushend@@penalty@a=\count165
\flushend@@lastkern@a=\dimen161
\var@@temp@spread=\dimen162
\var@@temp@a=\dimen163
\flushend@@page@rule=\dimen164
\flushend@@varbox@a=\box54
\flushend@@varbox@c=\box55
\flushend@@tempbox@a=\box56
\flushend@@tempbox@c=\box57
\@viper=\box58
\hold@viper=\box59
\atColsBreak=\toks44
\atColsEnd=\toks45
)
\c@definition=\count166
\c@defn=\count167
\c@property=\count168
\c@theorem=\count169

(C:\Users\VP242103\Downloads\tex\latex\base\alltt.sty
Package: alltt 1997/06/16 v2.0g defines alltt environment
)
(C:\Users\VP242103\Downloads\tex\latex\enumitem\enumitem.sty
Package: enumitem 2011/09/28 v3.5.2 Customized lists
\labelindent=\skip130
\enit@outerparindent=\dimen165
\enit@toks=\toks46
\enit@inbox=\box60
\enitdp@description=\count170
)
(C:\Users\VP242103\Downloads\tex\latex\listings\lstlang1.sty
File: lstlang1.sty 2015/06/04 1.6 listings language file
)
(C:\Users\VP242103\Downloads\tex\latex\listings\lstlang1.sty
File: lstlang1.sty 2015/06/04 1.6 listings language file
)
(C:\Users\VP242103\Downloads\tex\latex\listings\lstlang1.sty
File: lstlang1.sty 2015/06/04 1.6 listings language file
) (FullUSM_ACM.aux)
LaTeX Font Info:    Checking defaults for OML/cmm/m/it on input line 64.
LaTeX Font Info:    ... okay on input line 64.
LaTeX Font Info:    Checking defaults for T1/cmr/m/n on input line 64.
LaTeX Font Info:    ... okay on input line 64.
LaTeX Font Info:    Checking defaults for OT1/cmr/m/n on input line 64.
LaTeX Font Info:    ... okay on input line 64.
LaTeX Font Info:    Checking defaults for OMS/cmsy/m/n on input line 64.
LaTeX Font Info:    ... okay on input line 64.
LaTeX Font Info:    Checking defaults for OMX/cmex/m/n on input line 64.
LaTeX Font Info:    ... okay on input line 64.
LaTeX Font Info:    Checking defaults for U/cmr/m/n on input line 64.
LaTeX Font Info:    ... okay on input line 64.
(C:\Users\VP242103\Downloads\tex\context\base\supp-pdf.mkii
[Loading MPS to PDF converter (version 2006.09.02).]
\scratchcounter=\count171
\scratchdimen=\dimen166
\scratchbox=\box61
\nofMPsegments=\count172
\nofMParguments=\count173
\everyMPshowfont=\toks47
\MPscratchCnt=\count174
\MPscratchDim=\dimen167
\MPnumerator=\count175
\makeMPintoPDFobject=\count176
\everyMPtoPDFconversion=\toks48
)
\c@lstlisting=\count177
\AtBeginShipoutBox=\box62
LaTeX Font Info:    Try loading font information for U+msa on input line 138.
 (C:\Users\VP242103\Downloads\tex\latex\amsfonts\umsa.fd
File: umsa.fd 2013/01/14 v3.01 AMS symbols A
)
LaTeX Font Info:    Try loading font information for U+msb on input line 138.

(C:\Users\VP242103\Downloads\tex\latex\amsfonts\umsb.fd
File: umsb.fd 2013/01/14 v3.01 AMS symbols B
)
LaTeX Font Info:    Try loading font information for U+lasy on input line 138.

(C:\Users\VP242103\Downloads\tex\latex\base\ulasy.fd
File: ulasy.fd 1998/08/17 v2.2e LaTeX symbol font definitions
)
LaTeX Font Info:    Try loading font information for T1+ptm on input line 138.

(C:\Users\VP242103\Downloads\tex\latex\psnfss\t1ptm.fd
File: t1ptm.fd 2001/06/04 font definitions for T1/ptm.
)
LaTeX Font Info:    Try loading font information for OMS+ptm on input line 138.


(C:\Users\VP242103\Downloads\tex\latex\psnfss\omsptm.fd
File: omsptm.fd 
)
LaTeX Font Info:    Font shape `OMS/ptm/m/n' in size <7> not available
(Font)              Font shape `OMS/cmsy/m/n' tried instead on input line 138.
 (sections/abstract.tex) Excluding 'CCSXML' comment.
LaTeX Font Info:    Try loading font information for OMS+aer on input line 178.


(C:\Users\VP242103\Downloads\tex\latex\ae\omsaer.fd
File: omsaer.fd 1999/12/27
)
LaTeX Font Info:    Font shape `OMS/aer/m/n' in size <9> not available
(Font)              Font shape `OMS/cmsy/m/n' tried instead on input line 178.
 (sections/introduction.tex
LaTeX Font Info:    Try loading font information for T1+aess on input line 63.
(C:\Users\VP242103\Downloads\tex\latex\ae\t1aess.fd
File: t1aess.fd 1997/11/16 Font definitions for T1/aess.
)
Underfull \vbox (badness 10000) has occurred while \output is active []

 [1{C:/Users/VP242103/Downloads/pdftex/config/pdftex.map}


]
Overfull \hbox (9.10698pt too wide) in paragraph at lines 101--108
[]\T1/aer/m/n/9 Experimental eval-u-a-tions by ex-per-i-ment-ing with RAOES
 []

) (sections/background.tex

Package natbib Warning: Citation `OMG2015' on page 2 undefined on input line 12
.

Excluding 'comment' comment.
<figures/smmetamodel.pdf, id=15, 532.99126pt x 339.2675pt>
File: figures/smmetamodel.pdf Graphic file (type pdf)

<use figures/smmetamodel.pdf>
Package pdftex.def Info: figures/smmetamodel.pdf used on input line 59.
(pdftex.def)             Requested size: 240.0pt x 129.91826pt.

! Missing \endcsname inserted.
<to be read again> 
                   \relax 
l.67 	\begin{itemize}[\footnotesize]
                                    
The control sequence marked <to be read again> should
not appear between \csname and \endcsname.

! Extra \endcsname.
\enitkv@split ...enitkv@prefix \@tempa \endcsname 
                                                  \ifx \@tempc \relax \enitk...
l.67 	\begin{itemize}[\footnotesize]
                                    
I'm ignoring this, since I wasn't doing a \csname.

! Missing \endcsname inserted.
<to be read again> 
                   \relax 
l.67 	\begin{itemize}[\footnotesize]
                                    
The control sequence marked <to be read again> should
not appear between \csname and \endcsname.

! Extra \endcsname.
\@ifundefined ...dafter \ifx \csname #1\endcsname 
                                                  \relax \expandafter \@firs...
l.67 	\begin{itemize}[\footnotesize]
                                    
I'm ignoring this, since I wasn't doing a \csname.

! Missing \endcsname inserted.
<to be read again> 
                   \relax 
l.67 	\begin{itemize}[\footnotesize]
                                    
The control sequence marked <to be read again> should
not appear between \csname and \endcsname.

! Extra \endcsname.
\enitkv@split ...enitkv@prefix \@tempa \endcsname 
                                                  \ifx \@tempc \relax \enitk...
l.67 	\begin{itemize}[\footnotesize]
                                    
I'm ignoring this, since I wasn't doing a \csname.

! Missing \endcsname inserted.
<to be read again> 
                   \relax 
l.67 	\begin{itemize}[\footnotesize]
                                    
The control sequence marked <to be read again> should
not appear between \csname and \endcsname.

! Extra \endcsname.
\@ifundefined ...dafter \ifx \csname #1\endcsname 
                                                  \relax \expandafter \@firs...
l.67 	\begin{itemize}[\footnotesize]
                                    
I'm ignoring this, since I wasn't doing a \csname.


! Package enumitem Error: \relax \fontsize {9}{9pt}\selectfont \abovedisplayski
p 6.4pt plus 2pt minus 4pt\belowdisplayskip \abovedisplayskip \abovedisplayshor
tskip \z@ plus 1pt\belowdisplayshortskip 2.7pt plus 1pt minus 2pt \def \leftmar
gin \leftmargini \topsep 3pt plus 1pt minus 1pt\parsep 2pt plus 1pt minus 1pt \
itemsep \parsep {\leftmargin \leftmargini \topsep 3pt plus 1pt minus 1pt\parsep
 2pt plus 1pt minus 1pt \itemsep \parsep } undefined.

See the enumitem package documentation for explanation.
Type  H <return>  for immediate help.
 ...                                              
                                                  
l.67 	\begin{itemize}[\footnotesize]
                                    
Try typing  <return>  to proceed.
If that doesn't work, type  X <return>  to quit.

Excluding 'comment' comment. Excluding 'comment' comment.
Excluding 'comment' comment. Excluding 'comment' comment.
Excluding 'comment' comment. Excluding 'comment' comment.
Excluding 'comment' comment. Excluding 'comment' comment.
(sections/rtebackground.tex Excluding 'comment' comment.

Package natbib Warning: Citation `Giese2006' on page 2 undefined on input line 
72.

)) (sections/motivation.tex [2 <./figures/smmetamodel.pdf>]
<figures/illustration.pdf, id=54, 963.6pt x 542.025pt>
File: figures/illustration.pdf Graphic file (type pdf)

<use figures/illustration.pdf>
Package pdftex.def Info: figures/illustration.pdf used on input line 12.
(pdftex.def)             Requested size: 240.0pt x 66.49184pt.
 Excluding 'comment' comment.
Excluding 'comment' comment.
(C:\Users\VP242103\Downloads\tex\latex\listings\lstlang1.sty
File: lstlang1.sty 2015/06/04 1.6 listings language file
)
(C:\Users\VP242103\Downloads\tex\latex\listings\lstlang1.sty
File: lstlang1.sty 2015/06/04 1.6 listings language file
)
(C:\Users\VP242103\Downloads\tex\latex\listings\lstmisc.sty
File: lstmisc.sty 2015/06/04 1.6 (Carsten Heinz)
)
(code/generated1.cpp) (code/generated2.cpp)

Package natbib Warning: Citation `walkinshaw2007reverse' on page 3 undefined on
 input line 102.


Package natbib Warning: Citation `hall2010superstate' on page 3 undefined on in
put line 102.


Package natbib Warning: Citation `DBLP:conf/kbse/AbadiF12' on page 3 undefined 
on input line 102.

) (sections/overview.tex <figures/frontend.pdf, id=56, 963.6pt x 542.025pt>
File: figures/frontend.pdf Graphic file (type pdf)

<use figures/frontend.pdf>
Package pdftex.def Info: figures/frontend.pdf used on input line 11.
(pdftex.def)             Requested size: 240.0pt x 91.50487pt.
 [3 <./figures/illustration.pdf> <./figures/frontend.pdf>] (code/front-end1.cpp
) (code/front-end2.cpp)

Package natbib Warning: Citation `lethbridge2010umplification' on page 4 undefi
ned on input line 49.


Package natbib Warning: Citation `thingml' on page 4 undefined on input line 49
.

) (sections/syntax.tex

Package natbib Warning: Citation `OMG2015' on page 4 undefined on input line 11
.

! Missing \endcsname inserted.
<to be read again> 
                   \relax 
l.15 \begin{itemize}[\footnotesize]
                                   
The control sequence marked <to be read again> should
not appear between \csname and \endcsname.

! Extra \endcsname.
\enitkv@split ...enitkv@prefix \@tempa \endcsname 
                                                  \ifx \@tempc \relax \enitk...
l.15 \begin{itemize}[\footnotesize]
                                   
I'm ignoring this, since I wasn't doing a \csname.

! Missing \endcsname inserted.
<to be read again> 
                   \relax 
l.15 \begin{itemize}[\footnotesize]
                                   
The control sequence marked <to be read again> should
not appear between \csname and \endcsname.

! Extra \endcsname.
\@ifundefined ...dafter \ifx \csname #1\endcsname 
                                                  \relax \expandafter \@firs...
l.15 \begin{itemize}[\footnotesize]
                                   
I'm ignoring this, since I wasn't doing a \csname.

! Missing \endcsname inserted.
<to be read again> 
                   \relax 
l.15 \begin{itemize}[\footnotesize]
                                   
The control sequence marked <to be read again> should
not appear between \csname and \endcsname.

! Extra \endcsname.
\enitkv@split ...enitkv@prefix \@tempa \endcsname 
                                                  \ifx \@tempc \relax \enitk...
l.15 \begin{itemize}[\footnotesize]
                                   
I'm ignoring this, since I wasn't doing a \csname.

! Missing \endcsname inserted.
<to be read again> 
                   \relax 
l.15 \begin{itemize}[\footnotesize]
                                   
The control sequence marked <to be read again> should
not appear between \csname and \endcsname.

! Extra \endcsname.
\@ifundefined ...dafter \ifx \csname #1\endcsname 
                                                  \relax \expandafter \@firs...
l.15 \begin{itemize}[\footnotesize]
                                   
I'm ignoring this, since I wasn't doing a \csname.


! Package enumitem Error: \relax \fontsize {9}{9pt}\selectfont \abovedisplayski
p 6.4pt plus 2pt minus 4pt\belowdisplayskip \abovedisplayskip \abovedisplayshor
tskip \z@ plus 1pt\belowdisplayshortskip 2.7pt plus 1pt minus 2pt \def \leftmar
gin \leftmargini \topsep 3pt plus 1pt minus 1pt\parsep 2pt plus 1pt minus 1pt \
itemsep \parsep {\leftmargin \leftmargini \topsep 3pt plus 1pt minus 1pt\parsep
 2pt plus 1pt minus 1pt \itemsep \parsep } undefined.

See the enumitem package documentation for explanation.
Type  H <return>  for immediate help.
 ...                                              
                                                  
l.15 \begin{itemize}[\footnotesize]
                                   
Try typing  <return>  to proceed.
If that doesn't work, type  X <return>  to quit.

! Missing \endcsname inserted.
<to be read again> 
                   \relax 
l.33 \begin{itemize}[\footnotesize]
                                   
The control sequence marked <to be read again> should
not appear between \csname and \endcsname.

! Extra \endcsname.
\enitkv@split ...enitkv@prefix \@tempa \endcsname 
                                                  \ifx \@tempc \relax \enitk...
l.33 \begin{itemize}[\footnotesize]
                                   
I'm ignoring this, since I wasn't doing a \csname.

! Missing \endcsname inserted.
<to be read again> 
                   \relax 
l.33 \begin{itemize}[\footnotesize]
                                   
The control sequence marked <to be read again> should
not appear between \csname and \endcsname.

! Extra \endcsname.
\@ifundefined ...dafter \ifx \csname #1\endcsname 
                                                  \relax \expandafter \@firs...
l.33 \begin{itemize}[\footnotesize]
                                   
I'm ignoring this, since I wasn't doing a \csname.

! Missing \endcsname inserted.
<to be read again> 
                   \relax 
l.33 \begin{itemize}[\footnotesize]
                                   
The control sequence marked <to be read again> should
not appear between \csname and \endcsname.

! Extra \endcsname.
\enitkv@split ...enitkv@prefix \@tempa \endcsname 
                                                  \ifx \@tempc \relax \enitk...
l.33 \begin{itemize}[\footnotesize]
                                   
I'm ignoring this, since I wasn't doing a \csname.

! Missing \endcsname inserted.
<to be read again> 
                   \relax 
l.33 \begin{itemize}[\footnotesize]
                                   
The control sequence marked <to be read again> should
not appear between \csname and \endcsname.

! Extra \endcsname.
\@ifundefined ...dafter \ifx \csname #1\endcsname 
                                                  \relax \expandafter \@firs...
l.33 \begin{itemize}[\footnotesize]
                                   
I'm ignoring this, since I wasn't doing a \csname.


! Package enumitem Error: \relax \fontsize {9}{9pt}\selectfont \abovedisplayski
p 6.4pt plus 2pt minus 4pt\belowdisplayskip \abovedisplayskip \abovedisplayshor
tskip \z@ plus 1pt\belowdisplayshortskip 2.7pt plus 1pt minus 2pt \def \leftmar
gin \leftmargini \topsep 3pt plus 1pt minus 1pt\parsep 2pt plus 1pt minus 1pt \
itemsep \parsep {\leftmargin \leftmargini \topsep 3pt plus 1pt minus 1pt\parsep
 2pt plus 1pt minus 1pt \itemsep \parsep } undefined.

See the enumitem package documentation for explanation.
Type  H <return>  for immediate help.
 ...                                              
                                                  
l.33 \begin{itemize}[\footnotesize]
                                   
Try typing  <return>  to proceed.
If that doesn't work, type  X <return>  to quit.


Overfull \hbox (6.93767pt too wide) in paragraph at lines 40--41
\T1/aer/m/n/9 which has an in-com-ing tran-si-tion out-go-ing from a pseudo
 []

[4]
! Missing \endcsname inserted.
<to be read again> 
                   \relax 
l.60 \begin{itemize}[\footnotesize]
                                   
The control sequence marked <to be read again> should
not appear between \csname and \endcsname.

! Extra \endcsname.
\enitkv@split ...enitkv@prefix \@tempa \endcsname 
                                                  \ifx \@tempc \relax \enitk...
l.60 \begin{itemize}[\footnotesize]
                                   
I'm ignoring this, since I wasn't doing a \csname.

! Missing \endcsname inserted.
<to be read again> 
                   \relax 
l.60 \begin{itemize}[\footnotesize]
                                   
The control sequence marked <to be read again> should
not appear between \csname and \endcsname.

! Extra \endcsname.
\@ifundefined ...dafter \ifx \csname #1\endcsname 
                                                  \relax \expandafter \@firs...
l.60 \begin{itemize}[\footnotesize]
                                   
I'm ignoring this, since I wasn't doing a \csname.

! Missing \endcsname inserted.
<to be read again> 
                   \relax 
l.60 \begin{itemize}[\footnotesize]
                                   
The control sequence marked <to be read again> should
not appear between \csname and \endcsname.

! Extra \endcsname.
\enitkv@split ...enitkv@prefix \@tempa \endcsname 
                                                  \ifx \@tempc \relax \enitk...
l.60 \begin{itemize}[\footnotesize]
                                   
I'm ignoring this, since I wasn't doing a \csname.

! Missing \endcsname inserted.
<to be read again> 
                   \relax 
l.60 \begin{itemize}[\footnotesize]
                                   
The control sequence marked <to be read again> should
not appear between \csname and \endcsname.

! Extra \endcsname.
\@ifundefined ...dafter \ifx \csname #1\endcsname 
                                                  \relax \expandafter \@firs...
l.60 \begin{itemize}[\footnotesize]
                                   
I'm ignoring this, since I wasn't doing a \csname.


! Package enumitem Error: \relax \fontsize {9}{9pt}\selectfont \abovedisplayski
p 6.4pt plus 2pt minus 4pt\belowdisplayskip \abovedisplayskip \abovedisplayshor
tskip \z@ plus 1pt\belowdisplayshortskip 2.7pt plus 1pt minus 2pt \def \leftmar
gin \leftmargini \topsep 3pt plus 1pt minus 1pt\parsep 2pt plus 1pt minus 1pt \
itemsep \parsep {\leftmargin \leftmargini \topsep 3pt plus 1pt minus 1pt\parsep
 2pt plus 1pt minus 1pt \itemsep \parsep } undefined.

See the enumitem package documentation for explanation.
Type  H <return>  for immediate help.
 ...                                              
                                                  
l.60 \begin{itemize}[\footnotesize]
                                   
Try typing  <return>  to proceed.
If that doesn't work, type  X <return>  to quit.

! Missing \endcsname inserted.
<to be read again> 
                   \relax 
l.95 \begin{itemize}[\footnotesize]
                                   
The control sequence marked <to be read again> should
not appear between \csname and \endcsname.

! Extra \endcsname.
\enitkv@split ...enitkv@prefix \@tempa \endcsname 
                                                  \ifx \@tempc \relax \enitk...
l.95 \begin{itemize}[\footnotesize]
                                   
I'm ignoring this, since I wasn't doing a \csname.

! Missing \endcsname inserted.
<to be read again> 
                   \relax 
l.95 \begin{itemize}[\footnotesize]
                                   
The control sequence marked <to be read again> should
not appear between \csname and \endcsname.

! Extra \endcsname.
\@ifundefined ...dafter \ifx \csname #1\endcsname 
                                                  \relax \expandafter \@firs...
l.95 \begin{itemize}[\footnotesize]
                                   
I'm ignoring this, since I wasn't doing a \csname.

! Missing \endcsname inserted.
<to be read again> 
                   \relax 
l.95 \begin{itemize}[\footnotesize]
                                   
The control sequence marked <to be read again> should
not appear between \csname and \endcsname.

! Extra \endcsname.
\enitkv@split ...enitkv@prefix \@tempa \endcsname 
                                                  \ifx \@tempc \relax \enitk...
l.95 \begin{itemize}[\footnotesize]
                                   
I'm ignoring this, since I wasn't doing a \csname.

! Missing \endcsname inserted.
<to be read again> 
                   \relax 
l.95 \begin{itemize}[\footnotesize]
                                   
The control sequence marked <to be read again> should
not appear between \csname and \endcsname.

! Extra \endcsname.
\@ifundefined ...dafter \ifx \csname #1\endcsname 
                                                  \relax \expandafter \@firs...
l.95 \begin{itemize}[\footnotesize]
                                   
I'm ignoring this, since I wasn't doing a \csname.


! Package enumitem Error: \relax \fontsize {9}{9pt}\selectfont \abovedisplayski
p 6.4pt plus 2pt minus 4pt\belowdisplayskip \abovedisplayskip \abovedisplayshor
tskip \z@ plus 1pt\belowdisplayshortskip 2.7pt plus 1pt minus 2pt \def \leftmar
gin \leftmargini \topsep 3pt plus 1pt minus 1pt\parsep 2pt plus 1pt minus 1pt \
itemsep \parsep {\leftmargin \leftmargini \topsep 3pt plus 1pt minus 1pt\parsep
 2pt plus 1pt minus 1pt \itemsep \parsep } undefined.

See the enumitem package documentation for explanation.
Type  H <return>  for immediate help.
 ...                                              
                                                  
l.95 \begin{itemize}[\footnotesize]
                                   
Try typing  <return>  to proceed.
If that doesn't work, type  X <return>  to quit.

! Missing \endcsname inserted.
<to be read again> 
                   \relax 
l.112 \begin{description}[\footnotesize]
                                        
The control sequence marked <to be read again> should
not appear between \csname and \endcsname.

! Extra \endcsname.
\enitkv@split ...enitkv@prefix \@tempa \endcsname 
                                                  \ifx \@tempc \relax \enitk...
l.112 \begin{description}[\footnotesize]
                                        
I'm ignoring this, since I wasn't doing a \csname.

! Missing \endcsname inserted.
<to be read again> 
                   \relax 
l.112 \begin{description}[\footnotesize]
                                        
The control sequence marked <to be read again> should
not appear between \csname and \endcsname.

! Extra \endcsname.
\@ifundefined ...dafter \ifx \csname #1\endcsname 
                                                  \relax \expandafter \@firs...
l.112 \begin{description}[\footnotesize]
                                        
I'm ignoring this, since I wasn't doing a \csname.

! Missing \endcsname inserted.
<to be read again> 
                   \relax 
l.112 \begin{description}[\footnotesize]
                                        
The control sequence marked <to be read again> should
not appear between \csname and \endcsname.

! Extra \endcsname.
\enitkv@split ...enitkv@prefix \@tempa \endcsname 
                                                  \ifx \@tempc \relax \enitk...
l.112 \begin{description}[\footnotesize]
                                        
I'm ignoring this, since I wasn't doing a \csname.

! Missing \endcsname inserted.
<to be read again> 
                   \relax 
l.112 \begin{description}[\footnotesize]
                                        
The control sequence marked <to be read again> should
not appear between \csname and \endcsname.

! Extra \endcsname.
\@ifundefined ...dafter \ifx \csname #1\endcsname 
                                                  \relax \expandafter \@firs...
l.112 \begin{description}[\footnotesize]
                                        
I'm ignoring this, since I wasn't doing a \csname.


! Package enumitem Error: \relax \fontsize {9}{9pt}\selectfont \abovedisplayski
p 6.4pt plus 2pt minus 4pt\belowdisplayskip \abovedisplayskip \abovedisplayshor
tskip \z@ plus 1pt\belowdisplayshortskip 2.7pt plus 1pt minus 2pt \def \leftmar
gin \leftmargini \topsep 3pt plus 1pt minus 1pt\parsep 2pt plus 1pt minus 1pt \
itemsep \parsep {\leftmargin \leftmargini \topsep 3pt plus 1pt minus 1pt\parsep
 2pt plus 1pt minus 1pt \itemsep \parsep } undefined.

See the enumitem package documentation for explanation.
Type  H <return>  for immediate help.
 ...                                              
                                                  
l.112 \begin{description}[\footnotesize]
                                        
Try typing  <return>  to proceed.
If that doesn't work, type  X <return>  to quit.


Package natbib Warning: Citation `qm' on page 5 undefined on input line 125.

! Missing \endcsname inserted.
<to be read again> 
                   \relax 
l.130 \begin{itemize}[\footnotesize]
                                    
The control sequence marked <to be read again> should
not appear between \csname and \endcsname.

! Extra \endcsname.
\enitkv@split ...enitkv@prefix \@tempa \endcsname 
                                                  \ifx \@tempc \relax \enitk...
l.130 \begin{itemize}[\footnotesize]
                                    
I'm ignoring this, since I wasn't doing a \csname.

! Missing \endcsname inserted.
<to be read again> 
                   \relax 
l.130 \begin{itemize}[\footnotesize]
                                    
The control sequence marked <to be read again> should
not appear between \csname and \endcsname.

! Extra \endcsname.
\@ifundefined ...dafter \ifx \csname #1\endcsname 
                                                  \relax \expandafter \@firs...
l.130 \begin{itemize}[\footnotesize]
                                    
I'm ignoring this, since I wasn't doing a \csname.

! Missing \endcsname inserted.
<to be read again> 
                   \relax 
l.130 \begin{itemize}[\footnotesize]
                                    
The control sequence marked <to be read again> should
not appear between \csname and \endcsname.

! Extra \endcsname.
\enitkv@split ...enitkv@prefix \@tempa \endcsname 
                                                  \ifx \@tempc \relax \enitk...
l.130 \begin{itemize}[\footnotesize]
                                    
I'm ignoring this, since I wasn't doing a \csname.

! Missing \endcsname inserted.
<to be read again> 
                   \relax 
l.130 \begin{itemize}[\footnotesize]
                                    
The control sequence marked <to be read again> should
not appear between \csname and \endcsname.

! Extra \endcsname.
\@ifundefined ...dafter \ifx \csname #1\endcsname 
                                                  \relax \expandafter \@firs...
l.130 \begin{itemize}[\footnotesize]
                                    
I'm ignoring this, since I wasn't doing a \csname.


! Package enumitem Error: \relax \fontsize {9}{9pt}\selectfont \abovedisplayski
p 6.4pt plus 2pt minus 4pt\belowdisplayskip \abovedisplayskip \abovedisplayshor
tskip \z@ plus 1pt\belowdisplayshortskip 2.7pt plus 1pt minus 2pt \def \leftmar
gin \leftmargini \topsep 3pt plus 1pt minus 1pt\parsep 2pt plus 1pt minus 1pt \
itemsep \parsep {\leftmargin \leftmargini \topsep 3pt plus 1pt minus 1pt\parsep
 2pt plus 1pt minus 1pt \itemsep \parsep } undefined.

See the enumitem package documentation for explanation.
Type  H <return>  for immediate help.
 ...                                              
                                                  
l.130 \begin{itemize}[\footnotesize]
                                    
Try typing  <return>  to proceed.
If that doesn't work, type  X <return>  to quit.

! Missing \endcsname inserted.
<to be read again> 
                   \relax 
l.143 \begin{itemize}[\footnotesize]
                                    
The control sequence marked <to be read again> should
not appear between \csname and \endcsname.

! Extra \endcsname.
\enitkv@split ...enitkv@prefix \@tempa \endcsname 
                                                  \ifx \@tempc \relax \enitk...
l.143 \begin{itemize}[\footnotesize]
                                    
I'm ignoring this, since I wasn't doing a \csname.

! Missing \endcsname inserted.
<to be read again> 
                   \relax 
l.143 \begin{itemize}[\footnotesize]
                                    
The control sequence marked <to be read again> should
not appear between \csname and \endcsname.

! Extra \endcsname.
\@ifundefined ...dafter \ifx \csname #1\endcsname 
                                                  \relax \expandafter \@firs...
l.143 \begin{itemize}[\footnotesize]
                                    
I'm ignoring this, since I wasn't doing a \csname.

! Missing \endcsname inserted.
<to be read again> 
                   \relax 
l.143 \begin{itemize}[\footnotesize]
                                    
The control sequence marked <to be read again> should
not appear between \csname and \endcsname.

! Extra \endcsname.
\enitkv@split ...enitkv@prefix \@tempa \endcsname 
                                                  \ifx \@tempc \relax \enitk...
l.143 \begin{itemize}[\footnotesize]
                                    
I'm ignoring this, since I wasn't doing a \csname.

! Missing \endcsname inserted.
<to be read again> 
                   \relax 
l.143 \begin{itemize}[\footnotesize]
                                    
The control sequence marked <to be read again> should
not appear between \csname and \endcsname.

! Extra \endcsname.
\@ifundefined ...dafter \ifx \csname #1\endcsname 
                                                  \relax \expandafter \@firs...
l.143 \begin{itemize}[\footnotesize]
                                    
I'm ignoring this, since I wasn't doing a \csname.


! Package enumitem Error: \relax \fontsize {9}{9pt}\selectfont \abovedisplayski
p 6.4pt plus 2pt minus 4pt\belowdisplayskip \abovedisplayskip \abovedisplayshor
tskip \z@ plus 1pt\belowdisplayshortskip 2.7pt plus 1pt minus 2pt \def \leftmar
gin \leftmargini \topsep 3pt plus 1pt minus 1pt\parsep 2pt plus 1pt minus 1pt \
itemsep \parsep {\leftmargin \leftmargini \topsep 3pt plus 1pt minus 1pt\parsep
 2pt plus 1pt minus 1pt \itemsep \parsep } undefined.

See the enumitem package documentation for explanation.
Type  H <return>  for immediate help.
 ...                                              
                                                  
l.143 \begin{itemize}[\footnotesize]
                                    
Try typing  <return>  to proceed.
If that doesn't work, type  X <return>  to quit.

! Missing \endcsname inserted.
<to be read again> 
                   \relax 
l.156 \begin{description}[\footnotesize]
                                        
The control sequence marked <to be read again> should
not appear between \csname and \endcsname.

! Extra \endcsname.
\enitkv@split ...enitkv@prefix \@tempa \endcsname 
                                                  \ifx \@tempc \relax \enitk...
l.156 \begin{description}[\footnotesize]
                                        
I'm ignoring this, since I wasn't doing a \csname.

! Missing \endcsname inserted.
<to be read again> 
                   \relax 
l.156 \begin{description}[\footnotesize]
                                        
The control sequence marked <to be read again> should
not appear between \csname and \endcsname.

! Extra \endcsname.
\@ifundefined ...dafter \ifx \csname #1\endcsname 
                                                  \relax \expandafter \@firs...
l.156 \begin{description}[\footnotesize]
                                        
I'm ignoring this, since I wasn't doing a \csname.

! Missing \endcsname inserted.
<to be read again> 
                   \relax 
l.156 \begin{description}[\footnotesize]
                                        
The control sequence marked <to be read again> should
not appear between \csname and \endcsname.

! Extra \endcsname.
\enitkv@split ...enitkv@prefix \@tempa \endcsname 
                                                  \ifx \@tempc \relax \enitk...
l.156 \begin{description}[\footnotesize]
                                        
I'm ignoring this, since I wasn't doing a \csname.

! Missing \endcsname inserted.
<to be read again> 
                   \relax 
l.156 \begin{description}[\footnotesize]
                                        
The control sequence marked <to be read again> should
not appear between \csname and \endcsname.

! Extra \endcsname.
\@ifundefined ...dafter \ifx \csname #1\endcsname 
                                                  \relax \expandafter \@firs...
l.156 \begin{description}[\footnotesize]
                                        
I'm ignoring this, since I wasn't doing a \csname.


! Package enumitem Error: \relax \fontsize {9}{9pt}\selectfont \abovedisplayski
p 6.4pt plus 2pt minus 4pt\belowdisplayskip \abovedisplayskip \abovedisplayshor
tskip \z@ plus 1pt\belowdisplayshortskip 2.7pt plus 1pt minus 2pt \def \leftmar
gin \leftmargini \topsep 3pt plus 1pt minus 1pt\parsep 2pt plus 1pt minus 1pt \
itemsep \parsep {\leftmargin \leftmargini \topsep 3pt plus 1pt minus 1pt\parsep
 2pt plus 1pt minus 1pt \itemsep \parsep } undefined.

See the enumitem package documentation for explanation.
Type  H <return>  for immediate help.
 ...                                              
                                                  
l.156 \begin{description}[\footnotesize]
                                        
Try typing  <return>  to proceed.
If that doesn't work, type  X <return>  to quit.

! Missing \endcsname inserted.
<to be read again> 
                   \relax 
l.177 \begin{itemize}[\footnotesize]
                                    
The control sequence marked <to be read again> should
not appear between \csname and \endcsname.

! Extra \endcsname.
\enitkv@split ...enitkv@prefix \@tempa \endcsname 
                                                  \ifx \@tempc \relax \enitk...
l.177 \begin{itemize}[\footnotesize]
                                    
I'm ignoring this, since I wasn't doing a \csname.

! Missing \endcsname inserted.
<to be read again> 
                   \relax 
l.177 \begin{itemize}[\footnotesize]
                                    
The control sequence marked <to be read again> should
not appear between \csname and \endcsname.

! Extra \endcsname.
\@ifundefined ...dafter \ifx \csname #1\endcsname 
                                                  \relax \expandafter \@firs...
l.177 \begin{itemize}[\footnotesize]
                                    
I'm ignoring this, since I wasn't doing a \csname.

! Missing \endcsname inserted.
<to be read again> 
                   \relax 
l.177 \begin{itemize}[\footnotesize]
                                    
The control sequence marked <to be read again> should
not appear between \csname and \endcsname.

! Extra \endcsname.
\enitkv@split ...enitkv@prefix \@tempa \endcsname 
                                                  \ifx \@tempc \relax \enitk...
l.177 \begin{itemize}[\footnotesize]
                                    
I'm ignoring this, since I wasn't doing a \csname.

! Missing \endcsname inserted.
<to be read again> 
                   \relax 
l.177 \begin{itemize}[\footnotesize]
                                    
The control sequence marked <to be read again> should
not appear between \csname and \endcsname.

! Extra \endcsname.
\@ifundefined ...dafter \ifx \csname #1\endcsname 
                                                  \relax \expandafter \@firs...
l.177 \begin{itemize}[\footnotesize]
                                    
I'm ignoring this, since I wasn't doing a \csname.


! Package enumitem Error: \relax \fontsize {9}{9pt}\selectfont \abovedisplayski
p 6.4pt plus 2pt minus 4pt\belowdisplayskip \abovedisplayskip \abovedisplayshor
tskip \z@ plus 1pt\belowdisplayshortskip 2.7pt plus 1pt minus 2pt \def \leftmar
gin \leftmargini \topsep 3pt plus 1pt minus 1pt\parsep 2pt plus 1pt minus 1pt \
itemsep \parsep {\leftmargin \leftmargini \topsep 3pt plus 1pt minus 1pt\parsep
 2pt plus 1pt minus 1pt \itemsep \parsep } undefined.

See the enumitem package documentation for explanation.
Type  H <return>  for immediate help.
 ...                                              
                                                  
l.177 \begin{itemize}[\footnotesize]
                                    
Try typing  <return>  to proceed.
If that doesn't work, type  X <return>  to quit.


Overfull \hbox (5.38065pt too wide) in paragraph at lines 178--182
[]\T1/aer/m/it/9 transition(S1,S2,guard1,CE1,effect1)\T1/aer/m/n/9 : A tran-si-
tion from
 []


Overfull \hbox (10.08797pt too wide) in paragraph at lines 178--182
\T1/aer/m/n/9 method \T1/aer/m/it/9 method1 \T1/aer/m/n/9 and the value of \T1/
aer/m/it/9 guard1 \T1/aer/m/n/9 is true. \T1/aer/m/it/9 method1
 []


Overfull \hbox (3.96571pt too wide) in paragraph at lines 183--185
[]\T1/aer/m/it/9 transition(S11,S2,NULL,SE,effect2)\T1/aer/m/n/9 : A tran-si-ti
on, trig-
 []

)
Overfull \hbox (21.00073pt too wide) in paragraph at lines 187--203
[]$[]$
 []


Underfull \hbox (badness 10000) in paragraph at lines 187--203

 []

(sections/synchronization.tex [5]
Overfull \hbox (1.85988pt too wide) in paragraph at lines 22--27
[]\T1/aer/m/it/9 An ar-ti-
 []

<figures/scenario3_seq.pdf, id=101, 654.44273pt x 420.76974pt>
File: figures/scenario3_seq.pdf Graphic file (type pdf)

<use figures/scenario3_seq.pdf>
Package pdftex.def Info: figures/scenario3_seq.pdf used on input line 48.
(pdftex.def)             Requested size: 240.0pt x 154.30197pt.

! Missing \endcsname inserted.
<to be read again> 
                   \relax 
l.53 \begin{description}[\footnotesize]
                                       
The control sequence marked <to be read again> should
not appear between \csname and \endcsname.

! Extra \endcsname.
\enitkv@split ...enitkv@prefix \@tempa \endcsname 
                                                  \ifx \@tempc \relax \enitk...
l.53 \begin{description}[\footnotesize]
                                       
I'm ignoring this, since I wasn't doing a \csname.

! Missing \endcsname inserted.
<to be read again> 
                   \relax 
l.53 \begin{description}[\footnotesize]
                                       
The control sequence marked <to be read again> should
not appear between \csname and \endcsname.

! Extra \endcsname.
\@ifundefined ...dafter \ifx \csname #1\endcsname 
                                                  \relax \expandafter \@firs...
l.53 \begin{description}[\footnotesize]
                                       
I'm ignoring this, since I wasn't doing a \csname.

! Missing \endcsname inserted.
<to be read again> 
                   \relax 
l.53 \begin{description}[\footnotesize]
                                       
The control sequence marked <to be read again> should
not appear between \csname and \endcsname.

! Extra \endcsname.
\enitkv@split ...enitkv@prefix \@tempa \endcsname 
                                                  \ifx \@tempc \relax \enitk...
l.53 \begin{description}[\footnotesize]
                                       
I'm ignoring this, since I wasn't doing a \csname.

! Missing \endcsname inserted.
<to be read again> 
                   \relax 
l.53 \begin{description}[\footnotesize]
                                       
The control sequence marked <to be read again> should
not appear between \csname and \endcsname.

! Extra \endcsname.
\@ifundefined ...dafter \ifx \csname #1\endcsname 
                                                  \relax \expandafter \@firs...
l.53 \begin{description}[\footnotesize]
                                       
I'm ignoring this, since I wasn't doing a \csname.


! Package enumitem Error: \relax \fontsize {9}{9pt}\selectfont \abovedisplayski
p 6.4pt plus 2pt minus 4pt\belowdisplayskip \abovedisplayskip \abovedisplayshor
tskip \z@ plus 1pt\belowdisplayshortskip 2.7pt plus 1pt minus 2pt \def \leftmar
gin \leftmargini \topsep 3pt plus 1pt minus 1pt\parsep 2pt plus 1pt minus 1pt \
itemsep \parsep {\leftmargin \leftmargini \topsep 3pt plus 1pt minus 1pt\parsep
 2pt plus 1pt minus 1pt \itemsep \parsep } undefined.

See the enumitem package documentation for explanation.
Type  H <return>  for immediate help.
 ...                                              
                                                  
l.53 \begin{description}[\footnotesize]
                                       
Try typing  <return>  to proceed.
If that doesn't work, type  X <return>  to quit.

LaTeX Font Info:    Try loading font information for T1+aett on input line 61.
(C:\Users\VP242103\Downloads\tex\latex\ae\t1aett.fd
File: t1aett.fd 1997/11/16 Font definitions for T1/aett.
))
(sections/implementation.tex
<figures/architecture.pdf, id=102, 963.6pt x 542.025pt>
File: figures/architecture.pdf Graphic file (type pdf)

<use figures/architecture.pdf>
Package pdftex.def Info: figures/architecture.pdf used on input line 13.
(pdftex.def)             Requested size: 240.0pt x 22.09828pt.
 Excluding 'comment' comment.
! Missing \endcsname inserted.
<to be read again> 
                   \relax 
l.62 \begin{description}[\footnotesize]
                                       
The control sequence marked <to be read again> should
not appear between \csname and \endcsname.

! Extra \endcsname.
\enitkv@split ...enitkv@prefix \@tempa \endcsname 
                                                  \ifx \@tempc \relax \enitk...
l.62 \begin{description}[\footnotesize]
                                       
I'm ignoring this, since I wasn't doing a \csname.

! Missing \endcsname inserted.
<to be read again> 
                   \relax 
l.62 \begin{description}[\footnotesize]
                                       
The control sequence marked <to be read again> should
not appear between \csname and \endcsname.

! Extra \endcsname.
\@ifundefined ...dafter \ifx \csname #1\endcsname 
                                                  \relax \expandafter \@firs...
l.62 \begin{description}[\footnotesize]
                                       
I'm ignoring this, since I wasn't doing a \csname.

! Missing \endcsname inserted.
<to be read again> 
                   \relax 
l.62 \begin{description}[\footnotesize]
                                       
The control sequence marked <to be read again> should
not appear between \csname and \endcsname.

! Extra \endcsname.
\enitkv@split ...enitkv@prefix \@tempa \endcsname 
                                                  \ifx \@tempc \relax \enitk...
l.62 \begin{description}[\footnotesize]
                                       
I'm ignoring this, since I wasn't doing a \csname.

! Missing \endcsname inserted.
<to be read again> 
                   \relax 
l.62 \begin{description}[\footnotesize]
                                       
The control sequence marked <to be read again> should
not appear between \csname and \endcsname.

! Extra \endcsname.
\@ifundefined ...dafter \ifx \csname #1\endcsname 
                                                  \relax \expandafter \@firs...
l.62 \begin{description}[\footnotesize]
                                       
I'm ignoring this, since I wasn't doing a \csname.


! Package enumitem Error: \relax \fontsize {9}{9pt}\selectfont \abovedisplayski
p 6.4pt plus 2pt minus 4pt\belowdisplayskip \abovedisplayskip \abovedisplayshor
tskip \z@ plus 1pt\belowdisplayshortskip 2.7pt plus 1pt minus 2pt \def \leftmar
gin \leftmargini \topsep 3pt plus 1pt minus 1pt\parsep 2pt plus 1pt minus 1pt \
itemsep \parsep {\leftmargin \leftmargini \topsep 3pt plus 1pt minus 1pt\parsep
 2pt plus 1pt minus 1pt \itemsep \parsep } undefined.

See the enumitem package documentation for explanation.
Type  H <return>  for immediate help.
 ...                                              
                                                  
l.62 \begin{description}[\footnotesize]
                                       
Try typing  <return>  to proceed.
If that doesn't work, type  X <return>  to quit.

[6 <./figures/architecture.pdf> <./figures/scenario3_seq.pdf

pdfTeX warning: pdflatex.exe (file ./figures/scenario3_seq.pdf): PDF inclusion:
 multiple pdfs with page group included in a single page
>]

Package natbib Warning: Citation `_papyrus/designer/code-generation_????' on pa
ge 7 undefined on input line 78.

! Missing \endcsname inserted.
<to be read again> 
                   \relax 
l.87 \begin{description}[\footnotesize]
                                       
The control sequence marked <to be read again> should
not appear between \csname and \endcsname.

! Extra \endcsname.
\enitkv@split ...enitkv@prefix \@tempa \endcsname 
                                                  \ifx \@tempc \relax \enitk...
l.87 \begin{description}[\footnotesize]
                                       
I'm ignoring this, since I wasn't doing a \csname.

! Missing \endcsname inserted.
<to be read again> 
                   \relax 
l.87 \begin{description}[\footnotesize]
                                       
The control sequence marked <to be read again> should
not appear between \csname and \endcsname.

! Extra \endcsname.
\@ifundefined ...dafter \ifx \csname #1\endcsname 
                                                  \relax \expandafter \@firs...
l.87 \begin{description}[\footnotesize]
                                       
I'm ignoring this, since I wasn't doing a \csname.

! Missing \endcsname inserted.
<to be read again> 
                   \relax 
l.87 \begin{description}[\footnotesize]
                                       
The control sequence marked <to be read again> should
not appear between \csname and \endcsname.

! Extra \endcsname.
\enitkv@split ...enitkv@prefix \@tempa \endcsname 
                                                  \ifx \@tempc \relax \enitk...
l.87 \begin{description}[\footnotesize]
                                       
I'm ignoring this, since I wasn't doing a \csname.

! Missing \endcsname inserted.
<to be read again> 
                   \relax 
l.87 \begin{description}[\footnotesize]
                                       
The control sequence marked <to be read again> should
not appear between \csname and \endcsname.

! Extra \endcsname.
\@ifundefined ...dafter \ifx \csname #1\endcsname 
                                                  \relax \expandafter \@firs...
l.87 \begin{description}[\footnotesize]
                                       
I'm ignoring this, since I wasn't doing a \csname.


! Package enumitem Error: \relax \fontsize {9}{9pt}\selectfont \abovedisplayski
p 6.4pt plus 2pt minus 4pt\belowdisplayskip \abovedisplayskip \abovedisplayshor
tskip \z@ plus 1pt\belowdisplayshortskip 2.7pt plus 1pt minus 2pt \def \leftmar
gin \leftmargini \topsep 3pt plus 1pt minus 1pt\parsep 2pt plus 1pt minus 1pt \
itemsep \parsep {\leftmargin \leftmargini \topsep 3pt plus 1pt minus 1pt\parsep
 2pt plus 1pt minus 1pt \itemsep \parsep } undefined.

See the enumitem package documentation for explanation.
Type  H <return>  for immediate help.
 ...                                              
                                                  
l.87 \begin{description}[\footnotesize]
                                       
Try typing  <return>  to proceed.
If that doesn't work, type  X <return>  to quit.


Overfull \hbox (2.73457pt too wide) in paragraph at lines 88--91
\T1/aer/m/n/9 straight-for-ward. If there are ac-tions in-clud-ing \T1/aer/m/it
/9 en-try/ex-
 []


Overfull \hbox (1.38237pt too wide) in paragraph at lines 97--99
[]\T1/aer/m/n/9 As pre-sented in Sec-tion 6[], the syn-chro-niza-tion of the mo
del
 []

<figures/modelchange.pdf, id=1586, 963.6pt x 542.025pt>
File: figures/modelchange.pdf Graphic file (type pdf)

<use figures/modelchange.pdf>
Package pdftex.def Info: figures/modelchange.pdf used on input line 123.
(pdftex.def)             Requested size: 240.0pt x 95.86157pt.


Package natbib Warning: Citation `Badreddin2014' on page 7 undefined on input l
ine 149.


Package natbib Warning: Citation `niaz_mapping_2004' on page 7 undefined on inp
ut line 154.

<figures/s2stransformation.pdf, id=1588, 963.6pt x 542.025pt>
File: figures/s2stransformation.pdf Graphic file (type pdf)

<use figures/s2stransformation.pdf>
Package pdftex.def Info: figures/s2stransformation.pdf used on input line 162.
(pdftex.def)             Requested size: 240.0pt x 30.4617pt.
) (sections/experiment.tex
! Missing \endcsname inserted.
<to be read again> 
                   \relax 
l.6 \begin{description}[\footnotesize]
                                      
The control sequence marked <to be read again> should
not appear between \csname and \endcsname.

! Extra \endcsname.
\enitkv@split ...enitkv@prefix \@tempa \endcsname 
                                                  \ifx \@tempc \relax \enitk...
l.6 \begin{description}[\footnotesize]
                                      
I'm ignoring this, since I wasn't doing a \csname.

! Missing \endcsname inserted.
<to be read again> 
                   \relax 
l.6 \begin{description}[\footnotesize]
                                      
The control sequence marked <to be read again> should
not appear between \csname and \endcsname.

! Extra \endcsname.
\@ifundefined ...dafter \ifx \csname #1\endcsname 
                                                  \relax \expandafter \@firs...
l.6 \begin{description}[\footnotesize]
                                      
I'm ignoring this, since I wasn't doing a \csname.

! Missing \endcsname inserted.
<to be read again> 
                   \relax 
l.6 \begin{description}[\footnotesize]
                                      
The control sequence marked <to be read again> should
not appear between \csname and \endcsname.

! Extra \endcsname.
\enitkv@split ...enitkv@prefix \@tempa \endcsname 
                                                  \ifx \@tempc \relax \enitk...
l.6 \begin{description}[\footnotesize]
                                      
I'm ignoring this, since I wasn't doing a \csname.

! Missing \endcsname inserted.
<to be read again> 
                   \relax 
l.6 \begin{description}[\footnotesize]
                                      
The control sequence marked <to be read again> should
not appear between \csname and \endcsname.

! Extra \endcsname.
\@ifundefined ...dafter \ifx \csname #1\endcsname 
                                                  \relax \expandafter \@firs...
l.6 \begin{description}[\footnotesize]
                                      
I'm ignoring this, since I wasn't doing a \csname.


! Package enumitem Error: \relax \fontsize {9}{9pt}\selectfont \abovedisplayski
p 6.4pt plus 2pt minus 4pt\belowdisplayskip \abovedisplayskip \abovedisplayshor
tskip \z@ plus 1pt\belowdisplayshortskip 2.7pt plus 1pt minus 2pt \def \leftmar
gin \leftmargini \topsep 3pt plus 1pt minus 1pt\parsep 2pt plus 1pt minus 1pt \
itemsep \parsep {\leftmargin \leftmargini \topsep 3pt plus 1pt minus 1pt\parsep
 2pt plus 1pt minus 1pt \itemsep \parsep } undefined.

See the enumitem package documentation for explanation.
Type  H <return>  for immediate help.
 ...                                              
                                                  
l.6 \begin{description}[\footnotesize]
                                      
Try typing  <return>  to proceed.
If that doesn't work, type  X <return>  to quit.


Package natbib Warning: Citation `foster_combinators_2007' on page 7 undefined 
on input line 8.


Overfull \hbox (3.15742pt too wide) in paragraph at lines 8--9
\T1/aer/m/n/9 USMs can be used for re-con-struct-ing the orig-i-nal model.
 []

[7 <./figures/modelchange.pdf> <./figures/s2stransformation.pdf>]
<figures/rq1-2evaluation.pdf, id=1616, 963.6pt x 542.025pt>
File: figures/rq1-2evaluation.pdf Graphic file (type pdf)

<use figures/rq1-2evaluation.pdf>
Package pdftex.def Info: figures/rq1-2evaluation.pdf used on input line 24.
(pdftex.def)             Requested size: 240.0pt x 70.03244pt.
 (sections/reverseexpr.tex
Excluding 'comment' comment. Excluding 'comment' comment.
Excluding 'comment' comment. Excluding 'comment' comment.
Excluding 'comment' comment.)

Package natbib Warning: Citation `moka' on page 8 undefined on input line 43.

! Missing \endcsname inserted.
<to be read again> 
                   \relax 
l.48 \begin{description}[\footnotesize]
                                       
The control sequence marked <to be read again> should
not appear between \csname and \endcsname.

! Extra \endcsname.
\enitkv@split ...enitkv@prefix \@tempa \endcsname 
                                                  \ifx \@tempc \relax \enitk...
l.48 \begin{description}[\footnotesize]
                                       
I'm ignoring this, since I wasn't doing a \csname.

! Missing \endcsname inserted.
<to be read again> 
                   \relax 
l.48 \begin{description}[\footnotesize]
                                       
The control sequence marked <to be read again> should
not appear between \csname and \endcsname.

! Extra \endcsname.
\@ifundefined ...dafter \ifx \csname #1\endcsname 
                                                  \relax \expandafter \@firs...
l.48 \begin{description}[\footnotesize]
                                       
I'm ignoring this, since I wasn't doing a \csname.

! Missing \endcsname inserted.
<to be read again> 
                   \relax 
l.48 \begin{description}[\footnotesize]
                                       
The control sequence marked <to be read again> should
not appear between \csname and \endcsname.

! Extra \endcsname.
\enitkv@split ...enitkv@prefix \@tempa \endcsname 
                                                  \ifx \@tempc \relax \enitk...
l.48 \begin{description}[\footnotesize]
                                       
I'm ignoring this, since I wasn't doing a \csname.

! Missing \endcsname inserted.
<to be read again> 
                   \relax 
l.48 \begin{description}[\footnotesize]
                                       
The control sequence marked <to be read again> should
not appear between \csname and \endcsname.

! Extra \endcsname.
\@ifundefined ...dafter \ifx \csname #1\endcsname 
                                                  \relax \expandafter \@firs...
l.48 \begin{description}[\footnotesize]
                                       
I'm ignoring this, since I wasn't doing a \csname.


! Package enumitem Error: \relax \fontsize {9}{9pt}\selectfont \abovedisplayski
p 6.4pt plus 2pt minus 4pt\belowdisplayskip \abovedisplayskip \abovedisplayshor
tskip \z@ plus 1pt\belowdisplayshortskip 2.7pt plus 1pt minus 2pt \def \leftmar
gin \leftmargini \topsep 3pt plus 1pt minus 1pt\parsep 2pt plus 1pt minus 1pt \
itemsep \parsep {\leftmargin \leftmargini \topsep 3pt plus 1pt minus 1pt\parsep
 2pt plus 1pt minus 1pt \itemsep \parsep } undefined.

See the enumitem package documentation for explanation.
Type  H <return>  for immediate help.
 ...                                              
                                                  
l.48 \begin{description}[\footnotesize]
                                       
Try typing  <return>  to proceed.
If that doesn't work, type  X <return>  to quit.

Excluding 'comment' comment.

Package natbib Warning: Citation `boost' on page 8 undefined on input line 118.



Package natbib Warning: Citation `benchmark' on page 8 undefined on input line 
118.


Package natbib Warning: Citation `Magicdraw' on page 8 undefined on input line 
120.


Package natbib Warning: Citation `EA' on page 8 undefined on input line 120.


Package natbib Warning: Citation `qm' on page 8 undefined on input line 120.


Package natbib Warning: Citation `Statechart' on page 8 undefined on input line
 122.


Package natbib Warning: Citation `benchmark' on page 8 undefined on input line 
122.

Excluding 'comment' comment. Excluding 'comment' comment.
Excluding 'comment' comment.
<experiments/box-plot-mine.pdf, id=1618, 614.295pt x 794.97pt>
File: experiments/box-plot-mine.pdf Graphic file (type pdf)

<use experiments/box-plot-mine.pdf>
Package pdftex.def Info: experiments/box-plot-mine.pdf used on input line 217.
(pdftex.def)             Requested size: 240.0pt x 127.34988pt.
 [8 <./figures/rq1-2evaluation.pdf>]

Package natbib Warning: Citation `Massif' on page 9 undefined on input line 227
.


Package natbib Warning: Citation `nethercote2007valgrind' on page 9 undefined o
n input line 227.

Excluding 'comment' comment.

LaTeX Warning: No positions in optional float specifier.
               Default added (so using `tbp') on input line 251.


LaTeX Warning: No positions in optional float specifier.
               Default added (so using `tbp') on input line 266.


Overfull \hbox (17.95502pt too wide) in paragraph at lines 270--275
 [][] 
 []

) (sections/casestudy.tex

Package natbib Warning: Citation `katz2005contemporary' on page 9 undefined on 
input line 3.

<figures/casestudy.pdf, id=1638, 963.6pt x 542.025pt>
File: figures/casestudy.pdf Graphic file (type pdf)

<use figures/casestudy.pdf>
Package pdftex.def Info: figures/casestudy.pdf used on input line 11.
(pdftex.def)             Requested size: 240.0pt x 50.96796pt.


Package natbib Warning: Citation `trafficlight' on page 9 undefined on input li
ne 21.


Package natbib Warning: Citation `farmroadexample' on page 9 undefined on input
 line 28.

<figures/casestudystatemachine.pdf, id=1640, 963.6pt x 542.025pt>
File: figures/casestudystatemachine.pdf Graphic file (type pdf)

<use figures/casestudystatemachine.pdf>
Package pdftex.def Info: figures/casestudystatemachine.pdf used on input line 3
2.
(pdftex.def)             Requested size: 240.0pt x 56.58601pt.

<figures/highwayopenalternatives.pdf, id=1642, 963.6pt x 542.025pt>
File: figures/highwayopenalternatives.pdf Graphic file (type pdf)

<use figures/highwayopenalternatives.pdf>
Package pdftex.def Info: figures/highwayopenalternatives.pdf used on input line
 52.
(pdftex.def)             Requested size: 240.0pt x 114.9283pt.


Package natbib Warning: Citation `farmroadexample' on page 9 undefined on input
 line 66.

) (sections/relatedwork.tex

Package natbib Warning: Citation `czarnecki_multi-level_2006' on page 9 undefin
ed on input line 27.


Package natbib Warning: Citation `yu2012maintaining' on page 9 undefined on inp
ut line 30.

[9 <./experiments/box-plot-mine.pdf> <./figures/casestudy.pdf> <./figures/cases
tudystatemachine.pdf> <./figures/highwayopenalternatives.pdf>]

Package natbib Warning: Citation `christensen2011towards' on page 10 undefined 
on input line 38.


Package natbib Warning: Citation `angyal_synchronizing_2008' on page 10 undefin
ed on input line 44.

Excluding 'comment' comment.

Package natbib Warning: Citation `plantuml' on page 10 undefined on input line 
155.


Package natbib Warning: Citation `lethbridge2010umplification' on page 10 undef
ined on input line 155.


Package natbib Warning: Citation `mazanec2012general' on page 10 undefined on i
nput line 155.


Package natbib Warning: Citation `mazanec2012general' on page 10 undefined on i
nput line 162.

Excluding 'comment' comment.

Package natbib Warning: Citation `voelter2012mbeddr' on page 10 undefined on in
put line 182.


Package natbib Warning: Citation `Maro:2015:IGT:2814251.2814253' on page 10 und
efined on input line 188.


Package natbib Warning: Citation `balz2009embedding' on page 10 undefined on in
put line 192.


Package natbib Warning: Citation `EA' on page 10 undefined on input line 196.


Package natbib Warning: Citation `sinelabore' on page 10 undefined on input lin
e 196.


Package natbib Warning: Citation `niaz_mapping_2004' on page 10 undefined on in
put line 197.


Package natbib Warning: Citation `Domnguez2012' on page 10 undefined on input l
ine 198.


Package natbib Warning: Citation `spinke_object-oriented_2013' on page 10 undef
ined on input line 208.

) (sections/conclusion.tex
Overfull \hbox (11.46393pt too wide) in paragraph at lines 3--10
\T1/aer/m/n/9 code ly-ing be-tween mod-els and ac-tual ex-e-cutable code. RAOES

 []


Overfull \hbox (4.29782pt too wide) in paragraph at lines 11--15
\T1/aer/m/n/9 round-trip en-gi-neer-ing cor-rect-ness, the semantic-conformance

 []

[10]) (FullUSM_ACM.bbl
Underfull \hbox (badness 2608) in paragraph at lines 45--49
[]\T1/aer/m/n/9 J. Hutchin-son, J. Whit-tle, M. Rounce-field, and
 []


Underfull \hbox (badness 2865) in paragraph at lines 61--66
[]\T1/aer/m/n/9 M. E. Kramer, M. Lang-ham-mer, D. Messinger,
 []


Underfull \hbox (badness 10000) in paragraph at lines 75--81
$\T1/aer/m/n/9 doc / libs / 1 _ 59 _ 0 _ b1 / libs / msm / doc / HTML / index .
 html$,
 []

)

Package natbib Warning: There were undefined citations.

- LAST -
Extra skip:37.65395pt
Left:658.70007pt/1.74596pt
Right:621.04613pt/1.74596pt
Output:651.7481pt
[11] (FullUSM_ACM.aux) ) 
Here is how much of TeX's memory you used:
 14887 strings out of 493673
 254444 string characters out of 3144029
 482912 words of memory out of 3000000
 17908 multiletter control sequences out of 15000+200000
 73486 words of font info for 107 fonts, out of 3000000 for 9000
 1025 hyphenation exceptions out of 8191
 59i,16n,122p,10416b,1483s stack positions out of 5000i,500n,10000p,200000b,50000s
{C:/Users/VP242103/Downloads/fonts/enc/dvips/fontname/8
r.enc}<C:/Users/VP242103/Downloads/fonts/type1/public/amsfonts/cm/cmbx5.pfb><C:
/Users/VP242103/Downloads/fonts/type1/public/amsfonts/cm/cmbx9.pfb><C:/Users/VP
242103/Downloads/fonts/type1/public/amsfonts/cm/cmbxti10.pfb><C:/Users/VP242103
/Downloads/fonts/type1/public/amsfonts/cm/cmcsc10.pfb><C:/Users/VP242103/Downlo
ads/fonts/type1/public/amsfonts/cm/cmmi5.pfb><C:/Users/VP242103/Downloads/fonts
/type1/public/amsfonts/cm/cmmi9.pfb><C:/Users/VP242103/Downloads/fonts/type1/pu
blic/amsfonts/cm/cmr5.pfb><C:/Users/VP242103/Downloads/fonts/type1/public/amsfo
nts/cm/cmr6.pfb><C:/Users/VP242103/Downloads/fonts/type1/public/amsfonts/cm/cmr
8.pfb><C:/Users/VP242103/Downloads/fonts/type1/public/amsfonts/cm/cmr9.pfb><C:/
Users/VP242103/Downloads/fonts/type1/public/amsfonts/cm/cmss9.pfb><C:/Users/VP2
42103/Downloads/fonts/type1/public/amsfonts/cm/cmsy5.pfb><C:/Users/VP242103/Dow
nloads/fonts/type1/public/amsfonts/cm/cmsy7.pfb><C:/Users/VP242103/Downloads/fo
nts/type1/public/amsfonts/cm/cmsy9.pfb><C:/Users/VP242103/Downloads/fonts/type1
/public/amsfonts/cm/cmti7.pfb><C:/Users/VP242103/Downloads/fonts/type1/public/a
msfonts/cm/cmti9.pfb><C:/Users/VP242103/Downloads/fonts/type1/public/amsfonts/c
m/cmtt9.pfb><C:/Users/VP242103/Downloads/fonts/type1/urw/helvetic/uhvb8a.pfb><C
:/Users/VP242103/Downloads/fonts/type1/urw/helvetic/uhvr8a.pfb><C:/Users/VP2421
03/Downloads/fonts/type1/urw/times/utmb8a.pfb><C:/Users/VP242103/Downloads/font
s/type1/urw/times/utmr8a.pfb><C:/Users/VP242103/Downloads/fonts/type1/urw/times
/utmri8a.pfb>
Output written on FullUSM_ACM.pdf (11 pages, 1653963 bytes).
PDF statistics:
 1779 PDF objects out of 2073 (max. 8388607)
 0 named destinations out of 1000 (max. 500000)
 127 words of extra memory for PDF output out of 10000 (max. 10000000)

