This is pdfTeX, Version 3.14159265-2.6-1.40.16 (MiKTeX 2.9) (preloaded format=pdflatex 2015.9.1)  23 SEP 2016 17:24
entering extended mode
**USMSyncCpp.tex
(USMSyncCpp.tex
LaTeX2e <2015/01/01> patch level 2
Babel <3.9m> and hyphenation patterns for 69 languages loaded.
(IEEEtran.cls
Document Class: IEEEtran 2015/08/26 V1.8b by Michael Shell
-- See the "IEEEtran_HOWTO" manual for usage information.
-- http://www.michaelshell.org/tex/ieeetran/
\@IEEEtrantmpdimenA=\dimen102
\@IEEEtrantmpdimenB=\dimen103
\@IEEEtrantmpdimenC=\dimen104
\@IEEEtrantmpcountA=\count79
\@IEEEtrantmpcountB=\count80
\@IEEEtrantmpcountC=\count81
\@IEEEtrantmptoksA=\toks14
LaTeX Font Info:    Try loading font information for OT1+ptm on input line 503.

(C:\Users\VP242103\Downloads\tex\latex\psnfss\ot1ptm.fd
File: ot1ptm.fd 2001/06/04 font definitions for OT1/ptm.
)
-- Using 8.5in x 11in (letter) paper.
-- Using PDF output.
\@IEEEnormalsizeunitybaselineskip=\dimen105
-- This is a 10 point document.
\CLASSINFOnormalsizebaselineskip=\dimen106
\CLASSINFOnormalsizeunitybaselineskip=\dimen107
\IEEEnormaljot=\dimen108
LaTeX Font Info:    Font shape `OT1/ptm/bx/n' in size <5> not available
(Font)              Font shape `OT1/ptm/b/n' tried instead on input line 1090.
LaTeX Font Info:    Font shape `OT1/ptm/bx/it' in size <5> not available
(Font)              Font shape `OT1/ptm/b/it' tried instead on input line 1090.

LaTeX Font Info:    Font shape `OT1/ptm/bx/n' in size <7> not available
(Font)              Font shape `OT1/ptm/b/n' tried instead on input line 1090.
LaTeX Font Info:    Font shape `OT1/ptm/bx/it' in size <7> not available
(Font)              Font shape `OT1/ptm/b/it' tried instead on input line 1090.

LaTeX Font Info:    Font shape `OT1/ptm/bx/n' in size <8> not available
(Font)              Font shape `OT1/ptm/b/n' tried instead on input line 1090.
LaTeX Font Info:    Font shape `OT1/ptm/bx/it' in size <8> not available
(Font)              Font shape `OT1/ptm/b/it' tried instead on input line 1090.

LaTeX Font Info:    Font shape `OT1/ptm/bx/n' in size <9> not available
(Font)              Font shape `OT1/ptm/b/n' tried instead on input line 1090.
LaTeX Font Info:    Font shape `OT1/ptm/bx/it' in size <9> not available
(Font)              Font shape `OT1/ptm/b/it' tried instead on input line 1090.

LaTeX Font Info:    Font shape `OT1/ptm/bx/n' in size <10> not available
(Font)              Font shape `OT1/ptm/b/n' tried instead on input line 1090.
LaTeX Font Info:    Font shape `OT1/ptm/bx/it' in size <10> not available
(Font)              Font shape `OT1/ptm/b/it' tried instead on input line 1090.

LaTeX Font Info:    Font shape `OT1/ptm/bx/n' in size <11> not available
(Font)              Font shape `OT1/ptm/b/n' tried instead on input line 1090.
LaTeX Font Info:    Font shape `OT1/ptm/bx/it' in size <11> not available
(Font)              Font shape `OT1/ptm/b/it' tried instead on input line 1090.

LaTeX Font Info:    Font shape `OT1/ptm/bx/n' in size <12> not available
(Font)              Font shape `OT1/ptm/b/n' tried instead on input line 1090.
LaTeX Font Info:    Font shape `OT1/ptm/bx/it' in size <12> not available
(Font)              Font shape `OT1/ptm/b/it' tried instead on input line 1090.

LaTeX Font Info:    Font shape `OT1/ptm/bx/n' in size <17> not available
(Font)              Font shape `OT1/ptm/b/n' tried instead on input line 1090.
LaTeX Font Info:    Font shape `OT1/ptm/bx/it' in size <17> not available
(Font)              Font shape `OT1/ptm/b/it' tried instead on input line 1090.

LaTeX Font Info:    Font shape `OT1/ptm/bx/n' in size <20> not available
(Font)              Font shape `OT1/ptm/b/n' tried instead on input line 1090.
LaTeX Font Info:    Font shape `OT1/ptm/bx/it' in size <20> not available
(Font)              Font shape `OT1/ptm/b/it' tried instead on input line 1090.

LaTeX Font Info:    Font shape `OT1/ptm/bx/n' in size <24> not available
(Font)              Font shape `OT1/ptm/b/n' tried instead on input line 1090.
LaTeX Font Info:    Font shape `OT1/ptm/bx/it' in size <24> not available
(Font)              Font shape `OT1/ptm/b/it' tried instead on input line 1090.

\IEEEquantizedlength=\dimen109
\IEEEquantizedlengthdiff=\dimen110
\IEEEquantizedtextheightdiff=\dimen111
\IEEEilabelindentA=\dimen112
\IEEEilabelindentB=\dimen113
\IEEEilabelindent=\dimen114
\IEEEelabelindent=\dimen115
\IEEEdlabelindent=\dimen116
\IEEElabelindent=\dimen117
\IEEEiednormlabelsep=\dimen118
\IEEEiedmathlabelsep=\dimen119
\IEEEiedtopsep=\skip41
\c@section=\count82
\c@subsection=\count83
\c@subsubsection=\count84
\c@paragraph=\count85
\c@IEEEsubequation=\count86
\abovecaptionskip=\skip42
\belowcaptionskip=\skip43
\c@figure=\count87
\c@table=\count88
\@IEEEeqnnumcols=\count89
\@IEEEeqncolcnt=\count90
\@IEEEsubeqnnumrollback=\count91
\@IEEEquantizeheightA=\dimen120
\@IEEEquantizeheightB=\dimen121
\@IEEEquantizeheightC=\dimen122
\@IEEEquantizeprevdepth=\dimen123
\@IEEEquantizemultiple=\count92
\@IEEEquantizeboxA=\box26
\@IEEEtmpitemindent=\dimen124
\IEEEPARstartletwidth=\dimen125
\c@IEEEbiography=\count93
\@IEEEtranrubishbin=\box27
) (C:\Users\VP242103\Downloads\tex\latex\preprint\balance.sty
Package: balance 1999/02/23 4.3 (PWD)
\oldvsize=\dimen126
)
** ATTENTION: Overriding command lockouts (line 13).
(C:\Users\VP242103\Downloads\tex\latex\graphics\graphicx.sty
Package: graphicx 2014/10/28 v1.0g Enhanced LaTeX Graphics (DPC,SPQR)

(C:\Users\VP242103\Downloads\tex\latex\graphics\keyval.sty
Package: keyval 2014/10/28 v1.15 key=value parser (DPC)
\KV@toks@=\toks15
)
(C:\Users\VP242103\Downloads\tex\latex\graphics\graphics.sty
Package: graphics 2014/10/28 v1.0p Standard LaTeX Graphics (DPC,SPQR)

(C:\Users\VP242103\Downloads\tex\latex\graphics\trig.sty
Package: trig 1999/03/16 v1.09 sin cos tan (DPC)
)
(C:\Users\VP242103\Downloads\tex\latex\00miktex\graphics.cfg
File: graphics.cfg 2007/01/18 v1.5 graphics configuration of teTeX/TeXLive
)
Package graphics Info: Driver file: pdftex.def on input line 94.

(C:\Users\VP242103\Downloads\tex\latex\pdftex-def\pdftex.def
File: pdftex.def 2011/05/27 v0.06d Graphics/color for pdfTeX

(C:\Users\VP242103\Downloads\tex\generic\oberdiek\infwarerr.sty
Package: infwarerr 2010/04/08 v1.3 Providing info/warning/error messages (HO)
)
(C:\Users\VP242103\Downloads\tex\generic\oberdiek\ltxcmds.sty
Package: ltxcmds 2011/11/09 v1.22 LaTeX kernel commands for general use (HO)
)
\Gread@gobject=\count94
))
\Gin@req@height=\dimen127
\Gin@req@width=\dimen128
)
(C:\Users\VP242103\Downloads\tex\latex\algorithms\algorithm.sty
Package: algorithm 2009/08/24 v0.1 Document Style `algorithm' - floating enviro
nment

(C:\Users\VP242103\Downloads\tex\latex\float\float.sty
Package: float 2001/11/08 v1.3d Float enhancements (AL)
\c@float@type=\count95
\float@exts=\toks16
\float@box=\box28
\@float@everytoks=\toks17
\@floatcapt=\box29
)
(C:\Users\VP242103\Downloads\tex\latex\base\ifthen.sty
Package: ifthen 2014/09/29 v1.1c Standard LaTeX ifthen package (DPC)
)
\@float@every@algorithm=\toks18
\c@algorithm=\count96
)
(C:\Users\VP242103\Downloads\tex\latex\listings\listings.sty
\lst@mode=\count97
\lst@gtempboxa=\box30
\lst@token=\toks19
\lst@length=\count98
\lst@currlwidth=\dimen129
\lst@column=\count99
\lst@pos=\count100
\lst@lostspace=\dimen130
\lst@width=\dimen131
\lst@newlines=\count101
\lst@lineno=\count102
\lst@maxwidth=\dimen132

(C:\Users\VP242103\Downloads\tex\latex\listings\lstmisc.sty
File: lstmisc.sty 2015/06/04 1.6 (Carsten Heinz)
\c@lstnumber=\count103
\lst@skipnumbers=\count104
\lst@framebox=\box31
)
(C:\Users\VP242103\Downloads\tex\latex\listings\listings.cfg
File: listings.cfg 2015/06/04 1.6 listings configuration
))
Package: listings 2015/06/04 1.6 (Carsten Heinz)

(C:\Users\VP242103\Downloads\tex\latex\base\fontenc.sty
Package: fontenc 2005/09/27 v1.99g Standard LaTeX package

(C:\Users\VP242103\Downloads\tex\latex\base\ot4enc.def
File: ot4enc.def 2005/09/27 v1.99g Standard LaTeX file
)
(C:\Users\VP242103\Downloads\tex\latex\base\t1enc.def
File: t1enc.def 2005/09/27 v1.99g Standard LaTeX file
LaTeX Font Info:    Redeclaring font encoding T1 on input line 48.
)
LaTeX Font Info:    Try loading font information for T1+ptm on input line 105.

(C:\Users\VP242103\Downloads\tex\latex\psnfss\t1ptm.fd
File: t1ptm.fd 2001/06/04 font definitions for T1/ptm.
))
(C:\Users\VP242103\Downloads\tex\latex\amsmath\amsmath.sty
Package: amsmath 2013/01/14 v2.14 AMS math features
\@mathmargin=\skip44

For additional information on amsmath, use the `?' option.
(C:\Users\VP242103\Downloads\tex\latex\amsmath\amstext.sty
Package: amstext 2000/06/29 v2.01

(C:\Users\VP242103\Downloads\tex\latex\amsmath\amsgen.sty
File: amsgen.sty 1999/11/30 v2.0
\@emptytoks=\toks20
\ex@=\dimen133
))
(C:\Users\VP242103\Downloads\tex\latex\amsmath\amsbsy.sty
Package: amsbsy 1999/11/29 v1.2d
\pmbraise@=\dimen134
)
(C:\Users\VP242103\Downloads\tex\latex\amsmath\amsopn.sty
Package: amsopn 1999/12/14 v2.01 operator names
)
\inf@bad=\count105
LaTeX Info: Redefining \frac on input line 210.
\uproot@=\count106
\leftroot@=\count107
LaTeX Info: Redefining \overline on input line 306.
\classnum@=\count108
\DOTSCASE@=\count109
LaTeX Info: Redefining \ldots on input line 378.
LaTeX Info: Redefining \dots on input line 381.
LaTeX Info: Redefining \cdots on input line 466.
\Mathstrutbox@=\box32
\strutbox@=\box33
\big@size=\dimen135
LaTeX Font Info:    Redeclaring font encoding OML on input line 566.
LaTeX Font Info:    Redeclaring font encoding OMS on input line 567.
\macc@depth=\count110
\c@MaxMatrixCols=\count111
\dotsspace@=\muskip10
\c@parentequation=\count112
\dspbrk@lvl=\count113
\tag@help=\toks21
\row@=\count114
\column@=\count115
\maxfields@=\count116
\andhelp@=\toks22
\eqnshift@=\dimen136
\alignsep@=\dimen137
\tagshift@=\dimen138
\tagwidth@=\dimen139
\totwidth@=\dimen140
\lineht@=\dimen141
\@envbody=\toks23
\multlinegap=\skip45
\multlinetaggap=\skip46
\mathdisplay@stack=\toks24
LaTeX Info: Redefining \[ on input line 2665.
LaTeX Info: Redefining \] on input line 2666.
)
(C:\Users\VP242103\Downloads\tex\latex\url\url.sty
\Urlmuskip=\muskip11
Package: url 2013/09/16  ver 3.4  Verb mode for urls, etc.
)
(C:\Users\VP242103\Downloads\tex\latex\multirow\multirow.sty
\bigstrutjot=\dimen142
)
(C:\Users\VP242103\Downloads\tex\latex\filecontents\filecontents.sty
Package: filecontents 2011/10/08 v1.3 Create an external file from within a LaT
eX document
)
(C:\Users\VP242103\Downloads\tex\latex\tools\multicol.sty
Package: multicol 2015/03/31 v1.8m multicolumn formatting (FMi)
\c@tracingmulticols=\count117
\mult@box=\box34
\multicol@leftmargin=\dimen143
\c@unbalance=\count118
\c@collectmore=\count119
\doublecol@number=\count120
\multicoltolerance=\count121
\multicolpretolerance=\count122
\full@width=\dimen144
\page@free=\dimen145
\premulticols=\dimen146
\postmulticols=\dimen147
\multicolsep=\skip47
\multicolbaselineskip=\skip48
\partial@page=\box35
\last@line=\box36
\maxbalancingoverflow=\dimen148
\mult@rightbox=\box37
\mult@grightbox=\box38
\mult@gfirstbox=\box39
\mult@firstbox=\box40
\@tempa=\box41
\@tempa=\box42
\@tempa=\box43
\@tempa=\box44
\@tempa=\box45
\@tempa=\box46
\@tempa=\box47
\@tempa=\box48
\@tempa=\box49
\@tempa=\box50
\@tempa=\box51
\@tempa=\box52
\@tempa=\box53
\@tempa=\box54
\@tempa=\box55
\@tempa=\box56
\@tempa=\box57
\c@columnbadness=\count123
\c@finalcolumnbadness=\count124
\last@try=\dimen149
\multicolovershoot=\dimen150
\multicolundershoot=\dimen151
\mult@nat@firstbox=\box58
\colbreak@box=\box59
\mc@col@check@num=\count125
)
(C:\Users\VP242103\Downloads\tex\latex\lipsum\lipsum.sty
Package: lipsum 2014/07/27 v1.3 150 paragraphs of Lorem Ipsum dummy text
\c@lips@count=\count126
)
(C:\Users\VP242103\Downloads\tex\latex\graphics\color.sty
Package: color 2014/10/28 v1.1a Standard LaTeX Color (DPC)

(C:\Users\VP242103\Downloads\tex\latex\00miktex\color.cfg
File: color.cfg 2007/01/18 v1.5 color configuration of teTeX/TeXLive
)
Package color Info: Driver file: pdftex.def on input line 142.
)
(C:\Users\VP242103\Downloads\tex\latex\xcolor\xcolor.sty
Package: xcolor 2007/01/21 v2.11 LaTeX color extensions (UK)

(C:\Users\VP242103\Downloads\tex\latex\00miktex\color.cfg
File: color.cfg 2007/01/18 v1.5 color configuration of teTeX/TeXLive
)
Package xcolor Info: Driver file: pdftex.def on input line 225.
LaTeX Info: Redefining \color on input line 702.
Package xcolor Info: Model `cmy' substituted by `cmy0' on input line 1337.
Package xcolor Info: Model `hsb' substituted by `rgb' on input line 1341.
Package xcolor Info: Model `RGB' extended on input line 1353.
Package xcolor Info: Model `HTML' substituted by `rgb' on input line 1355.
Package xcolor Info: Model `Hsb' substituted by `hsb' on input line 1356.
Package xcolor Info: Model `tHsb' substituted by `hsb' on input line 1357.
Package xcolor Info: Model `HSB' substituted by `hsb' on input line 1358.
Package xcolor Info: Model `Gray' substituted by `gray' on input line 1359.
Package xcolor Info: Model `wave' substituted by `hsb' on input line 1360.
)
(C:\Users\VP242103\Downloads\tex\latex\colortbl\colortbl.sty
Package: colortbl 2012/02/13 v1.0a Color table columns (DPC)

(C:\Users\VP242103\Downloads\tex\latex\tools\array.sty
Package: array 2014/10/28 v2.4c Tabular extension package (FMi)
\col@sep=\dimen152
\extrarowheight=\dimen153
\NC@list=\toks25
\extratabsurround=\skip49
\backup@length=\skip50
)
\everycr=\toks26
\minrowclearance=\skip51
)
(C:\Users\VP242103\Downloads\tex\latex\algorithmicx\algpseudocode.sty
Package: algpseudocode 

(C:\Users\VP242103\Downloads\tex\latex\algorithmicx\algorithmicx.sty
Package: algorithmicx 2005/04/27 v1.2 Algorithmicx

Document Style algorithmicx 1.2 - a greatly improved `algorithmic' style
\c@ALG@line=\count127
\c@ALG@rem=\count128
\c@ALG@nested=\count129
\ALG@tlm=\skip52
\ALG@thistlm=\skip53
\c@ALG@Lnr=\count130
\c@ALG@blocknr=\count131
\c@ALG@storecount=\count132
\c@ALG@tmpcounter=\count133
\ALG@tmplength=\skip54
)
Document Style - pseudocode environments for use with the `algorithmicx' style
) (C:\Users\VP242103\Downloads\tex\latex\comment\comment.sty
\CommentStream=\write3

Excluding comment 'comment')
(C:\Users\VP242103\Downloads\tex\latex\amsfonts\amssymb.sty
Package: amssymb 2013/01/14 v3.01 AMS font symbols

(C:\Users\VP242103\Downloads\tex\latex\amsfonts\amsfonts.sty
Package: amsfonts 2013/01/14 v3.01 Basic AMSFonts support
\symAMSa=\mathgroup4
\symAMSb=\mathgroup5
LaTeX Font Info:    Overwriting math alphabet `\mathfrak' in version `bold'
(Font)                  U/euf/m/n --> U/euf/b/n on input line 106.
))
(C:\Users\VP242103\Downloads\tex\latex\booktabs\booktabs.sty
Package: booktabs 2005/04/14 v1.61803 publication quality tables
\heavyrulewidth=\dimen154
\lightrulewidth=\dimen155
\cmidrulewidth=\dimen156
\belowrulesep=\dimen157
\belowbottomsep=\dimen158
\aboverulesep=\dimen159
\abovetopsep=\dimen160
\cmidrulesep=\dimen161
\cmidrulekern=\dimen162
\defaultaddspace=\dimen163
\@cmidla=\count134
\@cmidlb=\count135
\@aboverulesep=\dimen164
\@belowrulesep=\dimen165
\@thisruleclass=\count136
\@lastruleclass=\count137
\@thisrulewidth=\dimen166
)
(C:\Users\VP242103\Downloads\tex\latex\amscls\amsthm.sty
Package: amsthm 2015/03/04 v2.20.2
\thm@style=\toks27
\thm@bodyfont=\toks28
\thm@headfont=\toks29
\thm@notefont=\toks30
\thm@headpunct=\toks31
\thm@preskip=\skip55
\thm@postskip=\skip56
\thm@headsep=\skip57
\dth@everypar=\toks32
)
\c@definition=\count138
\c@remark=\count139

(C:\Users\VP242103\Downloads\tex\latex\mathtools\mathtools.sty
Package: mathtools 2015/11/12 v1.18 mathematical typesetting tools

(C:\Users\VP242103\Downloads\tex\latex\tools\calc.sty
Package: calc 2014/10/28 v4.3 Infix arithmetic (KKT,FJ)
\calc@Acount=\count140
\calc@Bcount=\count141
\calc@Adimen=\dimen167
\calc@Bdimen=\dimen168
\calc@Askip=\skip58
\calc@Bskip=\skip59
LaTeX Info: Redefining \setlength on input line 80.
LaTeX Info: Redefining \addtolength on input line 81.
\calc@Ccount=\count142
\calc@Cskip=\skip60
)
(C:\Users\VP242103\Downloads\tex\latex\mathtools\mhsetup.sty
Package: mhsetup 2010/01/21 v1.2a programming setup (MH)
)
LaTeX Info: Thecontrolsequence`\('isalreadyrobust on input line 129.
LaTeX Info: Thecontrolsequence`\)'isalreadyrobust on input line 129.
LaTeX Info: Thecontrolsequence`\['isalreadyrobust on input line 129.
LaTeX Info: Thecontrolsequence`\]'isalreadyrobust on input line 129.
\g_MT_multlinerow_int=\count143
\l_MT_multwidth_dim=\dimen169
\origjot=\skip61
\l_MT_shortvdotswithinadjustabove_dim=\dimen170
\l_MT_shortvdotswithinadjustbelow_dim=\dimen171
\l_MT_above_intertext_sep=\dimen172
\l_MT_below_intertext_sep=\dimen173
\l_MT_above_shortintertext_sep=\dimen174
\l_MT_below_shortintertext_sep=\dimen175
)
(C:\Users\VP242103\Downloads\tex\latex\sttools\cuted.sty
Package: cuted 2012/10/04 v1.5 Mixing onecolumn and twocolumn modes
\At@ViperColsBreak=\toks33
\v@aaa=\box60
\v@ccc=\box61
\lastskip@a=\skip62
\lastskip@b=\skip63
\lastskip@d=\skip64
\lastbox@a=\box62
\stripsep=\skip65
\@viper=\box63
\viper@penalty=\count144
\hold@viper=\box64
\ht@viper=\dimen176
)
\c@mytempeqncnt=\count145

(C:\Users\VP242103\Downloads\tex\latex\fancyvrb\fancyvrb.sty
Package: fancyvrb 2008/02/07

Style option: `fancyvrb' v2.7a, with DG/SPQR fixes, and firstline=lastline fix 
<2008/02/07> (tvz)
\FV@CodeLineNo=\count146
\FV@InFile=\read1
\FV@TabBox=\box65
\c@FancyVerbLine=\count147
\FV@StepNumber=\count148
\FV@OutFile=\write4
) (C:\Users\VP242103\Downloads\tex\latex\framed\framed.sty
Package: framed 2011/10/22 v 0.96: framed or shaded text with page breaks
\OuterFrameSep=\skip66
\fb@frw=\dimen177
\fb@frh=\dimen178
\FrameRule=\dimen179
\FrameSep=\dimen180
)
(C:\Users\VP242103\Downloads\tex\latex\tcolorbox\tcolorbox.sty
Package: tcolorbox 2016/04/27 version 3.91 text color boxes

(C:\Users\VP242103\Downloads\tex\latex\pgf\basiclayer\pgf.sty
(C:\Users\VP242103\Downloads\tex\latex\pgf\utilities\pgfrcs.sty
(C:\Users\VP242103\Downloads\tex\generic\pgf\utilities\pgfutil-common.tex
\pgfutil@everybye=\toks34
\pgfutil@tempdima=\dimen181
\pgfutil@tempdimb=\dimen182

(C:\Users\VP242103\Downloads\tex\generic\pgf\utilities\pgfutil-common-lists.tex
)) (C:\Users\VP242103\Downloads\tex\generic\pgf\utilities\pgfutil-latex.def
\pgfutil@abb=\box66

(C:\Users\VP242103\Downloads\tex\latex\ms\everyshi.sty
Package: everyshi 2001/05/15 v3.00 EveryShipout Package (MS)
))
(C:\Users\VP242103\Downloads\tex\generic\pgf\utilities\pgfrcs.code.tex
Package: pgfrcs 2015/08/07 v3.0.1a (rcs-revision 1.31)
))
Package: pgf 2015/08/07 v3.0.1a (rcs-revision 1.15)

(C:\Users\VP242103\Downloads\tex\latex\pgf\basiclayer\pgfcore.sty
(C:\Users\VP242103\Downloads\tex\latex\pgf\systemlayer\pgfsys.sty
(C:\Users\VP242103\Downloads\tex\generic\pgf\systemlayer\pgfsys.code.tex
Package: pgfsys 2014/07/09 v3.0.1a (rcs-revision 1.48)

(C:\Users\VP242103\Downloads\tex\generic\pgf\utilities\pgfkeys.code.tex
\pgfkeys@pathtoks=\toks35
\pgfkeys@temptoks=\toks36

(C:\Users\VP242103\Downloads\tex\generic\pgf\utilities\pgfkeysfiltered.code.tex
\pgfkeys@tmptoks=\toks37
))
\pgf@x=\dimen183
\pgf@y=\dimen184
\pgf@xa=\dimen185
\pgf@ya=\dimen186
\pgf@xb=\dimen187
\pgf@yb=\dimen188
\pgf@xc=\dimen189
\pgf@yc=\dimen190
\w@pgf@writea=\write5
\r@pgf@reada=\read2
\c@pgf@counta=\count149
\c@pgf@countb=\count150
\c@pgf@countc=\count151
\c@pgf@countd=\count152
\t@pgf@toka=\toks38
\t@pgf@tokb=\toks39
\t@pgf@tokc=\toks40
 (C:\Users\VP242103\Downloads\tex\generic\pgf\systemlayer\pgf.cfg
File: pgf.cfg 2008/05/14  (rcs-revision 1.7)
)
Driver file for pgf: pgfsys-pdftex.def

(C:\Users\VP242103\Downloads\tex\generic\pgf\systemlayer\pgfsys-pdftex.def
File: pgfsys-pdftex.def 2014/10/11  (rcs-revision 1.35)

(C:\Users\VP242103\Downloads\tex\generic\pgf\systemlayer\pgfsys-common-pdf.def
File: pgfsys-common-pdf.def 2013/10/10  (rcs-revision 1.13)
)))
(C:\Users\VP242103\Downloads\tex\generic\pgf\systemlayer\pgfsyssoftpath.code.te
x
File: pgfsyssoftpath.code.tex 2013/09/09  (rcs-revision 1.9)
\pgfsyssoftpath@smallbuffer@items=\count153
\pgfsyssoftpath@bigbuffer@items=\count154
)
(C:\Users\VP242103\Downloads\tex\generic\pgf\systemlayer\pgfsysprotocol.code.te
x
File: pgfsysprotocol.code.tex 2006/10/16  (rcs-revision 1.4)
)) (C:\Users\VP242103\Downloads\tex\generic\pgf\basiclayer\pgfcore.code.tex
Package: pgfcore 2010/04/11 v3.0.1a (rcs-revision 1.7)

(C:\Users\VP242103\Downloads\tex\generic\pgf\math\pgfmath.code.tex
(C:\Users\VP242103\Downloads\tex\generic\pgf\math\pgfmathcalc.code.tex
(C:\Users\VP242103\Downloads\tex\generic\pgf\math\pgfmathutil.code.tex)
(C:\Users\VP242103\Downloads\tex\generic\pgf\math\pgfmathparser.code.tex
\pgfmath@dimen=\dimen191
\pgfmath@count=\count155
\pgfmath@box=\box67
\pgfmath@toks=\toks41
\pgfmath@stack@operand=\toks42
\pgfmath@stack@operation=\toks43
)
(C:\Users\VP242103\Downloads\tex\generic\pgf\math\pgfmathfunctions.code.tex
(C:\Users\VP242103\Downloads\tex\generic\pgf\math\pgfmathfunctions.basic.code.t
ex)
(C:\Users\VP242103\Downloads\tex\generic\pgf\math\pgfmathfunctions.trigonometri
c.code.tex)
(C:\Users\VP242103\Downloads\tex\generic\pgf\math\pgfmathfunctions.random.code.
tex)
(C:\Users\VP242103\Downloads\tex\generic\pgf\math\pgfmathfunctions.comparison.c
ode.tex)
(C:\Users\VP242103\Downloads\tex\generic\pgf\math\pgfmathfunctions.base.code.te
x)
(C:\Users\VP242103\Downloads\tex\generic\pgf\math\pgfmathfunctions.round.code.t
ex)
(C:\Users\VP242103\Downloads\tex\generic\pgf\math\pgfmathfunctions.misc.code.te
x)
(C:\Users\VP242103\Downloads\tex\generic\pgf\math\pgfmathfunctions.integerarith
metics.code.tex)))
(C:\Users\VP242103\Downloads\tex\generic\pgf\math\pgfmathfloat.code.tex
\c@pgfmathroundto@lastzeros=\count156
))
(C:\Users\VP242103\Downloads\tex\generic\pgf\basiclayer\pgfcorepoints.code.tex
File: pgfcorepoints.code.tex 2013/10/07  (rcs-revision 1.27)
\pgf@picminx=\dimen192
\pgf@picmaxx=\dimen193
\pgf@picminy=\dimen194
\pgf@picmaxy=\dimen195
\pgf@pathminx=\dimen196
\pgf@pathmaxx=\dimen197
\pgf@pathminy=\dimen198
\pgf@pathmaxy=\dimen199
\pgf@xx=\dimen200
\pgf@xy=\dimen201
\pgf@yx=\dimen202
\pgf@yy=\dimen203
\pgf@zx=\dimen204
\pgf@zy=\dimen205
)
(C:\Users\VP242103\Downloads\tex\generic\pgf\basiclayer\pgfcorepathconstruct.co
de.tex
File: pgfcorepathconstruct.code.tex 2013/10/07  (rcs-revision 1.29)
\pgf@path@lastx=\dimen206
\pgf@path@lasty=\dimen207
)
(C:\Users\VP242103\Downloads\tex\generic\pgf\basiclayer\pgfcorepathusage.code.t
ex
File: pgfcorepathusage.code.tex 2014/11/02  (rcs-revision 1.24)
\pgf@shorten@end@additional=\dimen208
\pgf@shorten@start@additional=\dimen209
)
(C:\Users\VP242103\Downloads\tex\generic\pgf\basiclayer\pgfcorescopes.code.tex
File: pgfcorescopes.code.tex 2015/05/08  (rcs-revision 1.46)
\pgfpic=\box68
\pgf@hbox=\box69
\pgf@layerbox@main=\box70
\pgf@picture@serial@count=\count157
)
(C:\Users\VP242103\Downloads\tex\generic\pgf\basiclayer\pgfcoregraphicstate.cod
e.tex
File: pgfcoregraphicstate.code.tex 2014/11/02  (rcs-revision 1.12)
\pgflinewidth=\dimen210
)
(C:\Users\VP242103\Downloads\tex\generic\pgf\basiclayer\pgfcoretransformations.
code.tex
File: pgfcoretransformations.code.tex 2015/08/07  (rcs-revision 1.20)
\pgf@pt@x=\dimen211
\pgf@pt@y=\dimen212
\pgf@pt@temp=\dimen213
)
(C:\Users\VP242103\Downloads\tex\generic\pgf\basiclayer\pgfcorequick.code.tex
File: pgfcorequick.code.tex 2008/10/09  (rcs-revision 1.3)
)
(C:\Users\VP242103\Downloads\tex\generic\pgf\basiclayer\pgfcoreobjects.code.tex
File: pgfcoreobjects.code.tex 2006/10/11  (rcs-revision 1.2)
)
(C:\Users\VP242103\Downloads\tex\generic\pgf\basiclayer\pgfcorepathprocessing.c
ode.tex
File: pgfcorepathprocessing.code.tex 2013/09/09  (rcs-revision 1.9)
)
(C:\Users\VP242103\Downloads\tex\generic\pgf\basiclayer\pgfcorearrows.code.tex
File: pgfcorearrows.code.tex 2015/05/14  (rcs-revision 1.43)
\pgfarrowsep=\dimen214
) (C:\Users\VP242103\Downloads\tex\generic\pgf\basiclayer\pgfcoreshade.code.tex
File: pgfcoreshade.code.tex 2013/07/15  (rcs-revision 1.15)
\pgf@max=\dimen215
\pgf@sys@shading@range@num=\count158
) (C:\Users\VP242103\Downloads\tex\generic\pgf\basiclayer\pgfcoreimage.code.tex
File: pgfcoreimage.code.tex 2013/07/15  (rcs-revision 1.18)

(C:\Users\VP242103\Downloads\tex\generic\pgf\basiclayer\pgfcoreexternal.code.te
x
File: pgfcoreexternal.code.tex 2014/07/09  (rcs-revision 1.21)
\pgfexternal@startupbox=\box71
))
(C:\Users\VP242103\Downloads\tex\generic\pgf\basiclayer\pgfcorelayers.code.tex
File: pgfcorelayers.code.tex 2013/07/18  (rcs-revision 1.7)
)
(C:\Users\VP242103\Downloads\tex\generic\pgf\basiclayer\pgfcoretransparency.cod
e.tex
File: pgfcoretransparency.code.tex 2013/09/30  (rcs-revision 1.5)
)
(C:\Users\VP242103\Downloads\tex\generic\pgf\basiclayer\pgfcorepatterns.code.te
x
File: pgfcorepatterns.code.tex 2013/11/07  (rcs-revision 1.5)
)))
(C:\Users\VP242103\Downloads\tex\generic\pgf\modules\pgfmoduleshapes.code.tex
File: pgfmoduleshapes.code.tex 2014/03/21  (rcs-revision 1.35)
\pgfnodeparttextbox=\box72
)
(C:\Users\VP242103\Downloads\tex\generic\pgf\modules\pgfmoduleplot.code.tex
File: pgfmoduleplot.code.tex 2015/08/03  (rcs-revision 1.13)
)
(C:\Users\VP242103\Downloads\tex\latex\pgf\compatibility\pgfcomp-version-0-65.s
ty
Package: pgfcomp-version-0-65 2007/07/03 v3.0.1a (rcs-revision 1.7)
\pgf@nodesepstart=\dimen216
\pgf@nodesepend=\dimen217
)
(C:\Users\VP242103\Downloads\tex\latex\pgf\compatibility\pgfcomp-version-1-18.s
ty
Package: pgfcomp-version-1-18 2007/07/23 v3.0.1a (rcs-revision 1.1)
)) (C:\Users\VP242103\Downloads\tex\latex\tools\verbatim.sty
Package: verbatim 2014/10/28 v1.5q LaTeX2e package for verbatim enhancements
\every@verbatim=\toks44
\verbatim@line=\toks45
\verbatim@in@stream=\read3
)
(C:\Users\VP242103\Downloads\tex\latex\environ\environ.sty
Package: environ 2014/05/04 v0.3 A new way to define environments

(C:\Users\VP242103\Downloads\tex\latex\trimspaces\trimspaces.sty
Package: trimspaces 2009/09/17 v1.1 Trim spaces around a token list
))
(C:\Users\VP242103\Downloads\tex\latex\etoolbox\etoolbox.sty
Package: etoolbox 2015/08/02 v2.2a e-TeX tools for LaTeX (JAW)
\etb@tempcnta=\count159
)
\tcb@titlebox=\box73
\tcb@upperbox=\box74
\tcb@lowerbox=\box75
\tcb@phantombox=\box76
\c@tcbbreakpart=\count160
\c@tcblayer=\count161
\tcolorbox@number=\count162
\tcb@temp=\box77
\tcb@temp=\box78
\tcb@temp=\box79
\tcb@temp=\box80
\tcb@out=\write6
\tcb@record@out=\write7

(C:\Users\VP242103\Downloads\tex\latex\tcolorbox\tcblistings.code.tex
Library (tcolorbox): 'tcblistings.code.tex' version '3.91'
(C:\Users\VP242103\Downloads\tex\latex\tcolorbox\tcblistingscore.code.tex
Library (tcolorbox): 'tcblistingscore.code.tex' version '3.91'
(C:\Users\VP242103\Downloads\tex\generic\oberdiek\pdftexcmds.sty
Package: pdftexcmds 2011/11/29 v0.20 Utility functions of pdfTeX for LuaTeX (HO
)

(C:\Users\VP242103\Downloads\tex\generic\oberdiek\ifluatex.sty
Package: ifluatex 2010/03/01 v1.3 Provides the ifluatex switch (HO)
Package ifluatex Info: LuaTeX not detected.
)
(C:\Users\VP242103\Downloads\tex\generic\oberdiek\ifpdf.sty
Package: ifpdf 2011/01/30 v2.3 Provides the ifpdf switch (HO)
Package ifpdf Info: pdfTeX in PDF mode is detected.
)
Package pdftexcmds Info: LuaTeX not detected.
Package pdftexcmds Info: \pdf@primitive is available.
Package pdftexcmds Info: \pdf@ifprimitive is available.
Package pdftexcmds Info: \pdfdraftmode found.
)
\c@tcblisting=\count163
))
(C:\Users\VP242103\Downloads\tex\latex\tcolorbox\tcbskins.code.tex
Library (tcolorbox): 'tcbskins.code.tex' version '3.91'
(C:\Users\VP242103\Downloads\tex\latex\pgf\frontendlayer\tikz.sty
(C:\Users\VP242103\Downloads\tex\latex\pgf\utilities\pgffor.sty
(C:\Users\VP242103\Downloads\tex\latex\pgf\utilities\pgfkeys.sty
(C:\Users\VP242103\Downloads\tex\generic\pgf\utilities\pgfkeys.code.tex))
(C:\Users\VP242103\Downloads\tex\latex\pgf\math\pgfmath.sty
(C:\Users\VP242103\Downloads\tex\generic\pgf\math\pgfmath.code.tex))
(C:\Users\VP242103\Downloads\tex\generic\pgf\utilities\pgffor.code.tex
Package: pgffor 2013/12/13 v3.0.1a (rcs-revision 1.25)

(C:\Users\VP242103\Downloads\tex\generic\pgf\math\pgfmath.code.tex)
\pgffor@iter=\dimen218
\pgffor@skip=\dimen219
\pgffor@stack=\toks46
\pgffor@toks=\toks47
))
(C:\Users\VP242103\Downloads\tex\generic\pgf\frontendlayer\tikz\tikz.code.tex
Package: tikz 2015/08/07 v3.0.1a (rcs-revision 1.151)

(C:\Users\VP242103\Downloads\tex\generic\pgf\libraries\pgflibraryplothandlers.c
ode.tex
File: pgflibraryplothandlers.code.tex 2013/08/31 v3.0.1a (rcs-revision 1.20)
\pgf@plot@mark@count=\count164
\pgfplotmarksize=\dimen220
)
\tikz@lastx=\dimen221
\tikz@lasty=\dimen222
\tikz@lastxsaved=\dimen223
\tikz@lastysaved=\dimen224
\tikzleveldistance=\dimen225
\tikzsiblingdistance=\dimen226
\tikz@figbox=\box81
\tikz@figbox@bg=\box82
\tikz@tempbox=\box83
\tikz@tempbox@bg=\box84
\tikztreelevel=\count165
\tikznumberofchildren=\count166
\tikznumberofcurrentchild=\count167
\tikz@fig@count=\count168

(C:\Users\VP242103\Downloads\tex\generic\pgf\modules\pgfmodulematrix.code.tex
File: pgfmodulematrix.code.tex 2013/09/17  (rcs-revision 1.8)
\pgfmatrixcurrentrow=\count169
\pgfmatrixcurrentcolumn=\count170
\pgf@matrix@numberofcolumns=\count171
)
\tikz@expandcount=\count172

(C:\Users\VP242103\Downloads\tex\generic\pgf\frontendlayer\tikz\libraries\tikzl
ibrarytopaths.code.tex
File: tikzlibrarytopaths.code.tex 2008/06/17 v3.0.1a (rcs-revision 1.2)
)))
\tcb@waterbox=\box85

(C:\Users\VP242103\Downloads\tex\latex\tcolorbox\tcbskinsjigsaw.code.tex
Library (tcolorbox): 'tcbskinsjigsaw.code.tex' version '3.91'
))) (C:\Users\VP242103\Downloads\tex\latex\mdframed\mdframed.sty
Package: mdframed 2013/07/01 1.9b: mdframed

(C:\Users\VP242103\Downloads\tex\latex\oberdiek\kvoptions.sty
Package: kvoptions 2011/06/30 v3.11 Key value format for package options (HO)

(C:\Users\VP242103\Downloads\tex\generic\oberdiek\kvsetkeys.sty
Package: kvsetkeys 2012/04/25 v1.16 Key value parser (HO)

(C:\Users\VP242103\Downloads\tex\generic\oberdiek\etexcmds.sty
Package: etexcmds 2011/02/16 v1.5 Avoid name clashes with e-TeX commands (HO)
Package etexcmds Info: Could not find \expanded.
(etexcmds)             That can mean that you are not using pdfTeX 1.50 or
(etexcmds)             that some package has redefined \expanded.
(etexcmds)             In the latter case, load this package earlier.
)))
(C:\Users\VP242103\Downloads\tex\latex\l3packages\xparse\xparse.sty
(C:\Users\VP242103\Downloads\tex\latex\l3kernel\expl3.sty
Package: expl3 2016/01/19 v6377 L3 programming layer (loader) 

(C:\Users\VP242103\Downloads\tex\latex\l3kernel\expl3-code.tex
Package: expl3 2016/01/19 v6377 L3 programming layer (code)
L3 Module: l3bootstrap 2016/01/01 v6339 L3 Bootstrap code
L3 Module: l3names 2015/12/21 v6328 L3 Namespace for primitives
L3 Module: l3basics 2015/11/22 v6315 L3 Basic definitions
L3 Module: l3expan 2015/09/10 v5983 L3 Argument expansion
L3 Module: l3tl 2015/09/29 v6121 L3 Token lists
L3 Module: l3str 2016/01/03 v6357 L3 Strings
L3 Module: l3seq 2015/08/05 v5777 L3 Sequences and stacks
L3 Module: l3int 2016/01/05 v6366 L3 Integers
\c_max_int=\count173
\l_tmpa_int=\count174
\l_tmpb_int=\count175
\g_tmpa_int=\count176
\g_tmpb_int=\count177
L3 Module: l3quark 2015/08/17 v5855 L3 Quarks
L3 Module: l3prg 2015/11/01 v6216 L3 Control structures
\g__prg_map_int=\count178
L3 Module: l3clist 2015/09/02 v5901 L3 Comma separated lists
L3 Module: l3token 2015/11/11 v6249 L3 Experimental token manipulation
L3 Module: l3prop 2016/01/05 v6366 L3 Property lists
L3 Module: l3msg 2015/09/28 v6113 L3 Messages
L3 Module: l3file 2015/12/03 v6317 L3 File and I/O operations
\l_iow_line_count_int=\count179
\l__iow_target_count_int=\count180
\l__iow_current_line_int=\count181
\l__iow_current_word_int=\count182
\l__iow_current_indentation_int=\count183
L3 Module: l3skip 2016/01/05 v6366 L3 Dimensions and skips
\c_zero_dim=\dimen227
\c_max_dim=\dimen228
\l_tmpa_dim=\dimen229
\l_tmpb_dim=\dimen230
\g_tmpa_dim=\dimen231
\g_tmpb_dim=\dimen232
\c_zero_skip=\skip67
\c_max_skip=\skip68
\l_tmpa_skip=\skip69
\l_tmpb_skip=\skip70
\g_tmpa_skip=\skip71
\g_tmpb_skip=\skip72
\c_zero_muskip=\muskip12
\c_max_muskip=\muskip13
\l_tmpa_muskip=\muskip14
\l_tmpb_muskip=\muskip15
\g_tmpa_muskip=\muskip16
\g_tmpb_muskip=\muskip17
L3 Module: l3keys 2015/11/17 v6284 L3 Key-value interfaces
\g__keyval_level_int=\count184
\l_keys_choice_int=\count185
L3 Module: l3fp 2015/08/25 v5890 L3 Floating points
\c__fp_leading_shift_int=\count186
\c__fp_middle_shift_int=\count187
\c__fp_trailing_shift_int=\count188
\c__fp_big_leading_shift_int=\count189
\c__fp_big_middle_shift_int=\count190
\c__fp_big_trailing_shift_int=\count191
\c__fp_Bigg_leading_shift_int=\count192
\c__fp_Bigg_middle_shift_int=\count193
\c__fp_Bigg_trailing_shift_int=\count194
L3 Module: l3box 2015/08/09 v5822 L3 Experimental boxes
\c_empty_box=\box86
\l_tmpa_box=\box87
\l_tmpb_box=\box88
\g_tmpa_box=\box89
\g_tmpb_box=\box90
L3 Module: l3coffins 2015/08/06 v5789 L3 Coffin code layer
\l__coffin_internal_box=\box91
\l__coffin_internal_dim=\dimen233
\l__coffin_offset_x_dim=\dimen256
\l__coffin_offset_y_dim=\dimen257
\l__coffin_x_dim=\dimen258
\l__coffin_y_dim=\dimen259
\l__coffin_x_prime_dim=\dimen260
\l__coffin_y_prime_dim=\dimen261
\c_empty_coffin=\box92
\l__coffin_aligned_coffin=\box93
\l__coffin_aligned_internal_coffin=\box94
\l_tmpa_coffin=\box95
\l_tmpb_coffin=\box96
\l__coffin_display_coffin=\box97
\l__coffin_display_coord_coffin=\box98
\l__coffin_display_pole_coffin=\box99
\l__coffin_display_offset_dim=\dimen262
\l__coffin_display_x_dim=\dimen263
\l__coffin_display_y_dim=\dimen264
L3 Module: l3color 2014/08/23 v5354 L3 Experimental color support
L3 Module: l3sys 2015/09/25 v6087 L3 Experimental system/runtime functions
L3 Module: l3candidates 2016/01/14 v6376 L3 Experimental additions to l3kernel
\l__box_top_dim=\dimen265
\l__box_bottom_dim=\dimen266
\l__box_left_dim=\dimen267
\l__box_right_dim=\dimen268
\l__box_top_new_dim=\dimen269
\l__box_bottom_new_dim=\dimen270
\l__box_left_new_dim=\dimen271
\l__box_right_new_dim=\dimen272
\l__box_internal_box=\box100
\l__coffin_bounding_shift_dim=\dimen273
\l__coffin_left_corner_dim=\dimen274
\l__coffin_right_corner_dim=\dimen275
\l__coffin_bottom_corner_dim=\dimen276
\l__coffin_top_corner_dim=\dimen277
\l__coffin_scaled_total_height_dim=\dimen278
\l__coffin_scaled_width_dim=\dimen279
L3 Module: l3luatex 2015/11/11 v6250 L3 Experimental LuaTeX-specific functions
)
(C:\Users\VP242103\Downloads\tex\latex\l3kernel\l3pdfmode.def
File: l3pdfmode.def 2015/11/11 v6250 L3 Experimental driver: PDF mode
\l__driver_color_stack_int=\count195
))
Package: xparse 2016/01/19 v6377 L3 Experimental document command parser
\l__xparse_current_arg_int=\count196
\l__xparse_m_args_int=\count197
\l__xparse_mandatory_args_int=\count198
\l__xparse_processor_int=\count199
\l__xparse_v_nesting_int=\count200
)
(C:\Users\VP242103\Downloads\tex\latex\oberdiek\zref-abspage.sty
Package: zref-abspage 2012/04/04 v2.24 Module abspage for zref (HO)

(C:\Users\VP242103\Downloads\tex\latex\oberdiek\zref-base.sty
Package: zref-base 2012/04/04 v2.24 Module base for zref (HO)

(C:\Users\VP242103\Downloads\tex\generic\oberdiek\kvdefinekeys.sty
Package: kvdefinekeys 2011/04/07 v1.3 Define keys (HO)
)
(C:\Users\VP242103\Downloads\tex\latex\oberdiek\auxhook.sty
Package: auxhook 2011/03/04 v1.3 Hooks for auxiliary files (HO)
)
Package zref Info: New property list: main on input line 759.
Package zref Info: New property: default on input line 760.
Package zref Info: New property: page on input line 761.
)
(C:\Users\VP242103\Downloads\tex\generic\oberdiek\atbegshi.sty
Package: atbegshi 2011/10/05 v1.16 At begin shipout hook (HO)
)
\c@abspage=\count201
Package zref Info: New property: abspage on input line 62.
)
(C:\Users\VP242103\Downloads\tex\latex\needspace\needspace.sty
Package: needspace 2010/09/12 v1.3d reserve vertical space
)
\mdf@templength=\skip73
\c@mdf@globalstyle@cnt=\count202
\mdf@skipabove@length=\skip74
\mdf@skipbelow@length=\skip75
\mdf@leftmargin@length=\skip76
\mdf@rightmargin@length=\skip77
\mdf@innerleftmargin@length=\skip78
\mdf@innerrightmargin@length=\skip79
\mdf@innertopmargin@length=\skip80
\mdf@innerbottommargin@length=\skip81
\mdf@splittopskip@length=\skip82
\mdf@splitbottomskip@length=\skip83
\mdf@outermargin@length=\skip84
\mdf@innermargin@length=\skip85
\mdf@linewidth@length=\skip86
\mdf@innerlinewidth@length=\skip87
\mdf@middlelinewidth@length=\skip88
\mdf@outerlinewidth@length=\skip89
\mdf@roundcorner@length=\skip90
\mdf@footenotedistance@length=\skip91
\mdf@userdefinedwidth@length=\skip92
\mdf@needspace@length=\skip93
\mdf@frametitleaboveskip@length=\skip94
\mdf@frametitlebelowskip@length=\skip95
\mdf@frametitlerulewidth@length=\skip96
\mdf@frametitleleftmargin@length=\skip97
\mdf@frametitlerightmargin@length=\skip98
\mdf@shadowsize@length=\skip99
\mdf@extratopheight@length=\skip100
\mdf@subtitleabovelinewidth@length=\skip101
\mdf@subtitlebelowlinewidth@length=\skip102
\mdf@subtitleaboveskip@length=\skip103
\mdf@subtitlebelowskip@length=\skip104
\mdf@subtitleinneraboveskip@length=\skip105
\mdf@subtitleinnerbelowskip@length=\skip106
\mdf@subsubtitleabovelinewidth@length=\skip107
\mdf@subsubtitlebelowlinewidth@length=\skip108
\mdf@subsubtitleaboveskip@length=\skip109
\mdf@subsubtitlebelowskip@length=\skip110
\mdf@subsubtitleinneraboveskip@length=\skip111
\mdf@subsubtitleinnerbelowskip@length=\skip112

(C:\Users\VP242103\Downloads\tex\latex\mdframed\md-frame-0.mdf
File: md-frame-0.mdf 2013/07/01\ 1.9b: md-frame-0
)
\mdf@frametitlebox=\box101
\mdf@footnotebox=\box102
\mdf@splitbox@one=\box103
\mdf@splitbox@two=\box104
\mdf@splitbox@save=\box105
\mdfsplitboxwidth=\skip113
\mdfsplitboxtotalwidth=\skip114
\mdfsplitboxheight=\skip115
\mdfsplitboxdepth=\skip116
\mdfsplitboxtotalheight=\skip117
\mdfframetitleboxwidth=\skip118
\mdfframetitleboxtotalwidth=\skip119
\mdfframetitleboxheight=\skip120
\mdfframetitleboxdepth=\skip121
\mdfframetitleboxtotalheight=\skip122
\mdffootnoteboxwidth=\skip123
\mdffootnoteboxtotalwidth=\skip124
\mdffootnoteboxheight=\skip125
\mdffootnoteboxdepth=\skip126
\mdffootnoteboxtotalheight=\skip127
\mdftotallinewidth=\skip128
\mdfboundingboxwidth=\skip129
\mdfboundingboxtotalwidth=\skip130
\mdfboundingboxheight=\skip131
\mdfboundingboxdepth=\skip132
\mdfboundingboxtotalheight=\skip133
\mdf@freevspace@length=\skip134
\mdf@horizontalwidthofbox@length=\skip135
\mdf@verticalmarginwhole@length=\skip136
\mdf@horizontalspaceofbox=\skip137
\mdfsubtitleheight=\skip138
\mdfsubsubtitleheight=\skip139
\c@mdfcountframes=\count203

****** mdframed patching \endmdf@trivlist

****** -- success******

.................................................
. LaTeX info: "xparse/define-command"
. 
. Defining command \newmdtheoremenv with sig. 'O{} m o m o ' on line 601.
.................................................
.................................................
. LaTeX info: "xparse/define-command"
. 
. Defining command \mdtheorem with sig. ' O{} m o m o ' on line 701.
.................................................
\mdf@envdepth=\count204
\c@mdf@env@i=\count205
\c@mdf@env@ii=\count206
\c@mdf@zref@counter=\count207
Package zref Info: New property: mdf@pagevalue on input line 895.
)
(C:\Users\VP242103\Downloads\tex\latex\ulem\ulem.sty
\UL@box=\box106
\UL@hyphenbox=\box107
\UL@skip=\skip140
\UL@hook=\toks48
\UL@height=\dimen280
\UL@pe=\count208
\UL@pixel=\dimen281
\ULC@box=\box108
Package: ulem 2012/05/18
\ULdepth=\dimen282
)
(C:\Users\VP242103\Downloads\tex\latex\base\alltt.sty
Package: alltt 1997/06/16 v2.0g defines alltt environment
)
(C:\Users\VP242103\Downloads\tex\latex\listings\lstlang1.sty
File: lstlang1.sty 2015/06/04 1.6 listings language file
) (USMSyncCpp.aux)
LaTeX Font Info:    Checking defaults for OML/cmm/m/it on input line 173.
LaTeX Font Info:    ... okay on input line 173.
LaTeX Font Info:    Checking defaults for T1/cmr/m/n on input line 173.
LaTeX Font Info:    ... okay on input line 173.
LaTeX Font Info:    Checking defaults for OT1/cmr/m/n on input line 173.
LaTeX Font Info:    ... okay on input line 173.
LaTeX Font Info:    Checking defaults for OMS/cmsy/m/n on input line 173.
LaTeX Font Info:    ... okay on input line 173.
LaTeX Font Info:    Checking defaults for OMX/cmex/m/n on input line 173.
LaTeX Font Info:    ... okay on input line 173.
LaTeX Font Info:    Checking defaults for U/cmr/m/n on input line 173.
LaTeX Font Info:    ... okay on input line 173.
LaTeX Font Info:    Checking defaults for OT4/cmr/m/n on input line 173.
LaTeX Font Info:    Try loading font information for OT4+cmr on input line 173.


(C:\Users\VP242103\Downloads\tex\latex\polski\ot4cmr.fd
File: ot4cmr.fd 2008/02/24 v1.2.1 Font defs for fonts PL (MW)
)
LaTeX Font Info:    ... okay on input line 173.
LaTeX Font Info:    Font shape `T1/ptm/bx/n' in size <5> not available
(Font)              Font shape `T1/ptm/b/n' tried instead on input line 173.
LaTeX Font Info:    Font shape `T1/ptm/bx/it' in size <5> not available
(Font)              Font shape `T1/ptm/b/it' tried instead on input line 173.
LaTeX Font Info:    Font shape `T1/ptm/bx/n' in size <7> not available
(Font)              Font shape `T1/ptm/b/n' tried instead on input line 173.
LaTeX Font Info:    Font shape `T1/ptm/bx/it' in size <7> not available
(Font)              Font shape `T1/ptm/b/it' tried instead on input line 173.
LaTeX Font Info:    Font shape `T1/ptm/bx/n' in size <8> not available
(Font)              Font shape `T1/ptm/b/n' tried instead on input line 173.
LaTeX Font Info:    Font shape `T1/ptm/bx/it' in size <8> not available
(Font)              Font shape `T1/ptm/b/it' tried instead on input line 173.
LaTeX Font Info:    Font shape `T1/ptm/bx/n' in size <9> not available
(Font)              Font shape `T1/ptm/b/n' tried instead on input line 173.
LaTeX Font Info:    Font shape `T1/ptm/bx/it' in size <9> not available
(Font)              Font shape `T1/ptm/b/it' tried instead on input line 173.
LaTeX Font Info:    Font shape `T1/ptm/bx/n' in size <10> not available
(Font)              Font shape `T1/ptm/b/n' tried instead on input line 173.
LaTeX Font Info:    Font shape `T1/ptm/bx/it' in size <10> not available
(Font)              Font shape `T1/ptm/b/it' tried instead on input line 173.
LaTeX Font Info:    Font shape `T1/ptm/bx/n' in size <11> not available
(Font)              Font shape `T1/ptm/b/n' tried instead on input line 173.
LaTeX Font Info:    Font shape `T1/ptm/bx/it' in size <11> not available
(Font)              Font shape `T1/ptm/b/it' tried instead on input line 173.
LaTeX Font Info:    Font shape `T1/ptm/bx/n' in size <12> not available
(Font)              Font shape `T1/ptm/b/n' tried instead on input line 173.
LaTeX Font Info:    Font shape `T1/ptm/bx/it' in size <12> not available
(Font)              Font shape `T1/ptm/b/it' tried instead on input line 173.
LaTeX Font Info:    Font shape `T1/ptm/bx/n' in size <17> not available
(Font)              Font shape `T1/ptm/b/n' tried instead on input line 173.
LaTeX Font Info:    Font shape `T1/ptm/bx/it' in size <17> not available
(Font)              Font shape `T1/ptm/b/it' tried instead on input line 173.
LaTeX Font Info:    Font shape `T1/ptm/bx/n' in size <20> not available
(Font)              Font shape `T1/ptm/b/n' tried instead on input line 173.
LaTeX Font Info:    Font shape `T1/ptm/bx/it' in size <20> not available
(Font)              Font shape `T1/ptm/b/it' tried instead on input line 173.
LaTeX Font Info:    Font shape `T1/ptm/bx/n' in size <24> not available
(Font)              Font shape `T1/ptm/b/n' tried instead on input line 173.
LaTeX Font Info:    Font shape `T1/ptm/bx/it' in size <24> not available
(Font)              Font shape `T1/ptm/b/it' tried instead on input line 173.

-- Lines per column: 56 (exact).
(C:\Users\VP242103\Downloads\tex\context\base\supp-pdf.mkii
[Loading MPS to PDF converter (version 2006.09.02).]
\scratchcounter=\count209
\scratchdimen=\dimen283
\scratchbox=\box109
\nofMPsegments=\count210
\nofMParguments=\count211
\everyMPshowfont=\toks49
\MPscratchCnt=\count212
\MPscratchDim=\dimen284
\MPnumerator=\count213
\makeMPintoPDFobject=\count214
\everyMPtoPDFconversion=\toks50
)
\c@lstlisting=\count215
 ABD: EveryShipout initializing macros
\AtBeginShipoutBox=\box110
 (sections/abstract.tex)
(sections/introduction.tex
LaTeX Font Info:    Try loading font information for T1+phv on input line 63.

(C:\Users\VP242103\Downloads\tex\latex\psnfss\t1phv.fd
File: t1phv.fd 2001/06/04 scalable font definitions for T1/phv.
) [1{C:/Users/VP242103/Downloads/pdftex/config/pdftex.map}


]
LaTeX Font Info:    Try loading font information for U+msa on input line 99.

(C:\Users\VP242103\Downloads\tex\latex\amsfonts\umsa.fd
File: umsa.fd 2013/01/14 v3.01 AMS symbols A
)
LaTeX Font Info:    Try loading font information for U+msb on input line 99.

(C:\Users\VP242103\Downloads\tex\latex\amsfonts\umsb.fd
File: umsb.fd 2013/01/14 v3.01 AMS symbols B
))
(sections/background.tex
<figures/smmetamodel.pdf, id=13, 532.99126pt x 339.2675pt>
File: figures/smmetamodel.pdf Graphic file (type pdf)

<use figures/smmetamodel.pdf>
Package pdftex.def Info: figures/smmetamodel.pdf used on input line 57.
(pdftex.def)             Requested size: 252.0pt x 136.41547pt.
 (sections/rtebackground.tex
LaTeX Font Info:    Try loading font information for T1+pcr on input line 69.

(C:\Users\VP242103\Downloads\tex\latex\psnfss\t1pcr.fd
File: t1pcr.fd 2001/06/04 font definitions for T1/pcr.
)
Underfull \hbox (badness 7613) in paragraph at lines 68--71
\T1/ptm/m/n/10 re-lated to for-ward en-gi-neer-ing, and \T1/pcr/m/n/10 Reverse 
Code
 []

)) (sections/motivation.tex [2 <./figures/smmetamodel.pdf>]
<figures/illustration.pdf, id=52, 963.6pt x 542.025pt>
File: figures/illustration.pdf Graphic file (type pdf)

<use figures/illustration.pdf>
Package pdftex.def Info: figures/illustration.pdf used on input line 11.
(pdftex.def)             Requested size: 252.0pt x 135.17197pt.

<figures/highlight.pdf, id=54, 963.6pt x 542.025pt>
File: figures/highlight.pdf Graphic file (type pdf)

<use figures/highlight.pdf>
Package pdftex.def Info: figures/highlight.pdf used on input line 36.
(pdftex.def)             Requested size: 262.07831pt x 207.40097pt.

Overfull \hbox (10.07831pt too wide) in paragraph at lines 36--37
 [][] 
 []

) (sections/overview.tex <figures/frontend.pdf, id=56, 963.6pt x 542.025pt>
File: figures/frontend.pdf Graphic file (type pdf)

<use figures/frontend.pdf>
Package pdftex.def Info: figures/frontend.pdf used on input line 11.
(pdftex.def)             Requested size: 252.0pt x 124.54582pt.
 [3 <./figures/illustration.pdf> <./figures/highlight.pdf> <./figures/frontend.
pdf>]
<figures/frontendoverview.pdf, id=105, 963.6pt x 542.025pt>
File: figures/frontendoverview.pdf Graphic file (type pdf)

<use figures/frontendoverview.pdf>
Package pdftex.def Info: figures/frontendoverview.pdf used on input line 40.
(pdftex.def)             Requested size: 272.16046pt x 179.72665pt.

Overfull \hbox (20.16046pt too wide) in paragraph at lines 40--41
 [][] 
 []

) (sections/syntax.tex [4 <./figures/frontendoverview.pdf>]
(C:\Users\VP242103\Downloads\tex\latex\listings\lstlang1.sty
File: lstlang1.sty 2015/06/04 1.6 listings language file
)
(C:\Users\VP242103\Downloads\tex\latex\listings\lstlang1.sty
File: lstlang1.sty 2015/06/04 1.6 listings language file
)
(C:\Users\VP242103\Downloads\tex\latex\listings\lstmisc.sty
File: lstmisc.sty 2015/06/04 1.6 (Carsten Heinz)
))
Overfull \hbox (22.60077pt too wide) in paragraph at lines 187--192
[]$[]$
 []


Underfull \hbox (badness 10000) in paragraph at lines 187--192

 []

(sections/synchronization.tex
<figures/scenario3_seq.pdf, id=128, 654.44273pt x 420.76974pt>
File: figures/scenario3_seq.pdf Graphic file (type pdf)

<use figures/scenario3_seq.pdf>
Package pdftex.def Info: figures/scenario3_seq.pdf used on input line 48.
(pdftex.def)             Requested size: 252.0pt x 162.01932pt.
 [5]) (sections/implementation.tex
<figures/architecture.pdf, id=132, 963.6pt x 542.025pt>
File: figures/architecture.pdf Graphic file (type pdf)

<use figures/architecture.pdf>
Package pdftex.def Info: figures/architecture.pdf used on input line 13.
(pdftex.def)             Requested size: 252.0pt x 23.20265pt.
 [6 <./figures/architecture.pdf> <./figures/scenario3_seq.pdf

pdfTeX warning: pdflatex.exe (file ./figures/scenario3_seq.pdf): PDF inclusion:
 multiple pdfs with page group included in a single page
>] <figures/modelchange.pdf, id=1615, 963.6pt x 542.025pt>
File: figures/modelchange.pdf Graphic file (type pdf)

<use figures/modelchange.pdf>
Package pdftex.def Info: figures/modelchange.pdf used on input line 119.
(pdftex.def)             Requested size: 252.0pt x 126.1391pt.

<figures/s2stransformation.pdf, id=1617, 963.6pt x 542.025pt>
File: figures/s2stransformation.pdf Graphic file (type pdf)

<use figures/s2stransformation.pdf>
Package pdftex.def Info: figures/s2stransformation.pdf used on input line 154.
(pdftex.def)             Requested size: 252.0pt x 31.98395pt.
) (sections/experiment.tex
<figures/rq1-2evaluation.pdf, id=1619, 963.6pt x 542.025pt>
File: figures/rq1-2evaluation.pdf Graphic file (type pdf)

<use figures/rq1-2evaluation.pdf>
Package pdftex.def Info: figures/rq1-2evaluation.pdf used on input line 20.
(pdftex.def)             Requested size: 252.0pt x 73.53307pt.
 (sections/reverseexpr.tex) [7 <./figures/modelchange.pdf> <./figures/s2stransf
ormation.pdf> <./figures/rq1-2evaluation.pdf>] <experiments/box-plot-mine.pdf, 
id=1662, 614.295pt x 794.97pt>
File: experiments/box-plot-mine.pdf Graphic file (type pdf)

<use experiments/box-plot-mine.pdf>
Package pdftex.def Info: experiments/box-plot-mine.pdf used on input line 216.
(pdftex.def)             Requested size: 252.0pt x 109.7072pt.


LaTeX Warning: No positions in optional float specifier.
               Default added (so using `tbp') on input line 248.


LaTeX Warning: No positions in optional float specifier.
               Default added (so using `tbp') on input line 263.

) (sections/casestudy.tex
<figures/casestudy.pdf, id=1664, 963.6pt x 542.025pt>
File: figures/casestudy.pdf Graphic file (type pdf)

<use figures/casestudy.pdf>
Package pdftex.def Info: figures/casestudy.pdf used on input line 11.
(pdftex.def)             Requested size: 252.0pt x 97.45718pt.
 [8 <./experiments/box-plot-mine.pdf>]
<figures/casestudystatemachine.pdf, id=1694, 963.6pt x 542.025pt>
File: figures/casestudystatemachine.pdf Graphic file (type pdf)

<use figures/casestudystatemachine.pdf>
Package pdftex.def Info: figures/casestudystatemachine.pdf used on input line 3
2.
(pdftex.def)             Requested size: 252.0pt x 58.11087pt.

<figures/highwayopenalternatives.pdf, id=1696, 963.6pt x 542.025pt>
File: figures/highwayopenalternatives.pdf Graphic file (type pdf)

<use figures/highwayopenalternatives.pdf>
Package pdftex.def Info: figures/highwayopenalternatives.pdf used on input line
 52.
(pdftex.def)             Requested size: 252.0pt x 116.07721pt.
) (sections/relatedwork.tex [9 <./figures/casestudy.pdf> <./figures/casestudyst
atemachine.pdf> <./figures/highwayopenalternatives.pdf>]) (sections/conclusion.
tex) (USMSyncCpp.bbl
** WARNING: IEEEtran.bst: No hyphenation pattern has been
** loaded for the language `en'. Using the pattern for
** the default language instead.

Package balance Warning: You have called \balance in second column
(balance)                Columns might not be balanced.

[10]
Underfull \hbox (badness 2027) in paragraph at lines 65--70
[]\T1/ptm/m/n/8 SinelaboreRT, ``Sinela-bore Man-ual,'' $http : / / www . sinela
bore .$
 []


Underfull \hbox (badness 1910) in paragraph at lines 65--70
$\T1/ptm/m/n/8 com / lib / exe / fetch . php ? media = wiki : downloads : sinel
aborert . pdf$. [On-
 []

** WARNING: IEEEtran.bst: No hyphenation pattern has been
** loaded for the language `en'. Using the pattern for
** the default language instead.

Underfull \hbox (badness 1831) in paragraph at lines 208--211
$\T1/ptm/m/n/8 45 _ 0 / libs / msm / doc / HTML / ch03s02 . html # d0e424$, 201
6, [On-line; ac-
 []


Underfull \hbox (badness 10000) in paragraph at lines 218--221
[]\T1/ptm/m/n/8 N. Magic, ``Magic Draw,'' $https : / / www . nomagic . com / pr
oducts /$
 []


Underfull \hbox (badness 1824) in paragraph at lines 223--226
[]\T1/ptm/m/n/8 SparxSysemx, ``En-ter-prise Ar-chi-tect,'' $http : / / www . sp
arxsystems . com /$
 []

)

** Conference Paper **
Before submitting the final camera ready copy, remember to:

 1. Manually equalize the lengths of two columns on the last page
 of your paper;

 2. Ensure that any PostScript and/or PDF output post-processing
 uses only Type 1 fonts and that every step in the generation
 process uses the appropriate paper size.

[11] (USMSyncCpp.aux) ) 
Here is how much of TeX's memory you used:
 28072 strings out of 493673
 555385 string characters out of 3144029
 786416 words of memory out of 3000000
 30903 multiletter control sequences out of 15000+200000
 129110 words of font info for 140 fonts, out of 3000000 for 9000
 1025 hyphenation exceptions out of 8191
 54i,16n,85p,10423b,1193s stack positions out of 5000i,500n,10000p,200000b,50000s
{C:/Users/VP242103/Downloads/fonts/enc/dvips/fontname/8r
.enc}<C:/Users/VP242103/Downloads/fonts/type1/public/amsfonts/cm/cmmi10.pfb><C:
/Users/VP242103/Downloads/fonts/type1/public/amsfonts/cm/cmsy6.pfb><C:/Users/VP
242103/Downloads/fonts/type1/public/amsfonts/cm/cmsy7.pfb><C:/Users/VP242103/Do
wnloads/fonts/type1/public/amsfonts/cm/cmsy8.pfb><C:/Users/VP242103/Downloads/f
onts/type1/urw/courier/ucrr8a.pfb><C:/Users/VP242103/Downloads/fonts/type1/urw/
helvetic/uhvr8a.pfb><C:/Users/VP242103/Downloads/fonts/type1/urw/times/utmb8a.p
fb><C:/Users/VP242103/Downloads/fonts/type1/urw/times/utmbi8a.pfb><C:/Users/VP2
42103/Downloads/fonts/type1/urw/times/utmr8a.pfb><C:/Users/VP242103/Downloads/f
onts/type1/urw/times/utmri8a.pfb>
Output written on USMSyncCpp.pdf (11 pages, 1903824 bytes).
PDF statistics:
 1780 PDF objects out of 2073 (max. 8388607)
 0 named destinations out of 1000 (max. 500000)
 161 words of extra memory for PDF output out of 10000 (max. 10000000)

